2025-07-08 14:21:37,469 - INFO - Experiment started on compute-2-06
2025-07-08 14:21:37,469 - INFO - Using 64 workers
2025-07-08 14:21:37,469 - INFO - Config: ExperimentConfig(grid_size=[20, 20], n_agents=4, alpha=0.1, beta=0.2, horizon=3, n_trials=50, max_steps=1000, merge_intervals=[0, 10, 25, 50, 100, 200, inf], target_patterns=['random', 'evasive', 'patrol'], fast_mode=False)
2025-07-08 14:21:37,469 - INFO - Starting distributed experiment
2025-07-08 14:21:37,471 - INFO - Generated 1050 total tasks
2025-07-08 14:21:37,477 - INFO - Found 0 completed tasks
2025-07-08 14:21:37,477 - INFO - Remaining tasks: 1050
2025-07-08 14:21:37,477 - INFO - Starting parallel execution with 64 workers
2025-07-08 14:33:40,520 - INFO - Completed random_trial4_interval0_seed4690 (1/1050)
2025-07-08 14:34:12,758 - INFO - Completed random_trial1_interval0_seed1690 (2/1050)
2025-07-08 14:35:00,832 - INFO - Completed random_trial7_interval0_seed7690 (3/1050)
2025-07-08 14:35:38,592 - INFO - Completed random_trial8_interval0_seed8690 (4/1050)
2025-07-08 14:35:41,605 - INFO - Completed random_trial0_interval0_seed690 (5/1050)
2025-07-08 14:36:01,705 - INFO - Completed random_trial6_interval0_seed6690 (6/1050)
2025-07-08 14:37:05,536 - INFO - Completed random_trial3_interval0_seed3690 (7/1050)
2025-07-08 14:39:53,016 - INFO - Completed random_trial5_interval0_seed5690 (8/1050)
2025-07-08 14:41:29,243 - INFO - Completed random_trial9_interval0_seed9690 (9/1050)
2025-07-08 14:53:06,102 - INFO - Completed random_trial5_interval25_seed5690 (10/1050)
2025-07-08 14:53:45,001 - INFO - Completed random_trial4_interval10_seed4690 (11/1050)
2025-07-08 14:55:17,719 - INFO - Completed random_trial0_interval10_seed690 (12/1050)
2025-07-08 14:55:30,132 - INFO - Completed random_trial8_interval10_seed8690 (13/1050)
2025-07-08 14:56:51,712 - INFO - Completed random_trial6_interval10_seed6690 (14/1050)
2025-07-08 14:57:08,797 - INFO - Completed random_trial10_interval0_seed10690 (15/1050)
2025-07-08 14:57:17,569 - INFO - Completed random_trial1_interval25_seed1690 (16/1050)
2025-07-08 14:57:50,149 - INFO - Completed random_trial0_interval200_seed690 (17/1050)
2025-07-08 14:58:03,907 - INFO - Completed random_trial1_interval100_seed1690 (18/1050)
2025-07-08 14:59:11,967 - INFO - Completed random_trial2_interval100_seed2690 (19/1050)
2025-07-08 14:59:15,129 - INFO - Completed random_trial4_interval100_seed4690 (20/1050)
2025-07-08 14:59:37,433 - INFO - Completed random_trial3_intervalinf_seed3690 (21/1050)
2025-07-08 14:59:52,553 - INFO - Completed random_trial7_intervalinf_seed7690 (22/1050)
2025-07-08 14:59:52,780 - INFO - Completed random_trial6_interval200_seed6690 (23/1050)
2025-07-08 15:00:02,681 - INFO - Completed random_trial0_interval25_seed690 (24/1050)
2025-07-08 15:00:40,029 - INFO - Completed random_trial5_interval100_seed5690 (25/1050)
2025-07-08 15:01:18,624 - INFO - Completed random_trial0_intervalinf_seed690 (26/1050)
2025-07-08 15:02:21,935 - INFO - Completed random_trial7_interval50_seed7690 (27/1050)
2025-07-08 15:02:32,827 - INFO - Completed random_trial8_interval25_seed8690 (28/1050)
2025-07-08 15:03:03,667 - INFO - Completed random_trial7_interval200_seed7690 (29/1050)
2025-07-08 15:03:31,440 - INFO - Completed random_trial2_interval50_seed2690 (30/1050)
2025-07-08 15:04:01,845 - INFO - Completed random_trial1_interval200_seed1690 (31/1050)
2025-07-08 15:04:04,870 - INFO - Completed random_trial6_interval50_seed6690 (32/1050)
2025-07-08 15:04:54,497 - INFO - Completed random_trial9_interval25_seed9690 (33/1050)
2025-07-08 15:04:54,845 - INFO - Completed random_trial5_interval50_seed5690 (34/1050)
2025-07-08 15:06:06,730 - INFO - Completed random_trial1_interval10_seed1690 (35/1050)
2025-07-08 15:06:19,788 - INFO - Completed random_trial1_intervalinf_seed1690 (36/1050)
2025-07-08 15:07:37,245 - INFO - Completed random_trial4_interval200_seed4690 (37/1050)
2025-07-08 15:07:57,605 - INFO - Completed random_trial3_interval25_seed3690 (38/1050)
2025-07-08 15:08:07,538 - INFO - Completed random_trial4_intervalinf_seed4690 (39/1050)
2025-07-08 15:08:17,578 - INFO - Completed random_trial8_interval50_seed8690 (40/1050)
2025-07-08 15:08:31,517 - INFO - Completed random_trial4_interval50_seed4690 (41/1050)
2025-07-08 15:09:04,701 - INFO - Completed random_trial2_interval10_seed2690 (42/1050)
2025-07-08 15:10:28,883 - INFO - Completed random_trial7_interval10_seed7690 (43/1050)
2025-07-08 15:10:58,351 - INFO - Completed random_trial6_intervalinf_seed6690 (44/1050)
2025-07-08 15:11:28,773 - INFO - Completed random_trial9_interval10_seed9690 (45/1050)
2025-07-08 15:13:13,783 - INFO - Completed random_trial11_interval0_seed11690 (46/1050)
2025-07-08 15:13:42,421 - INFO - Completed random_trial0_interval100_seed690 (47/1050)
2025-07-08 15:15:27,344 - INFO - Completed random_trial3_interval10_seed3690 (48/1050)
2025-07-08 15:15:38,264 - INFO - Completed random_trial10_interval25_seed10690 (49/1050)
2025-07-08 15:16:48,080 - INFO - Completed random_trial13_interval0_seed13690 (50/1050)
2025-07-08 15:16:48,082 - INFO - Progress: 50/1050 (4.8%), Rate: 0.02 tasks/sec, ETA: 18.4 hours
2025-07-08 15:17:59,566 - INFO - Completed random_trial9_interval200_seed9690 (51/1050)
2025-07-08 15:19:29,317 - INFO - Completed random_trial8_intervalinf_seed8690 (52/1050)
2025-07-08 15:21:21,700 - INFO - Completed random_trial2_interval0_seed2690 (53/1050)
2025-07-08 15:21:51,879 - INFO - Completed random_trial14_interval0_seed14690 (54/1050)
2025-07-08 15:24:54,870 - INFO - Completed random_trial9_interval100_seed9690 (55/1050)
2025-07-08 15:26:04,269 - INFO - Completed random_trial10_interval50_seed10690 (56/1050)
2025-07-08 15:26:28,389 - INFO - Completed random_trial10_intervalinf_seed10690 (57/1050)
2025-07-08 15:26:44,381 - INFO - Completed random_trial2_interval200_seed2690 (58/1050)
2025-07-08 15:29:35,408 - INFO - Completed random_trial10_interval100_seed10690 (59/1050)
2025-07-08 15:30:15,107 - INFO - Completed random_trial15_interval0_seed15690 (60/1050)
2025-07-08 15:30:27,241 - INFO - Completed random_trial11_interval100_seed11690 (61/1050)
2025-07-08 15:32:51,100 - INFO - Completed random_trial10_interval200_seed10690 (62/1050)
2025-07-08 15:34:02,228 - INFO - Completed random_trial1_interval50_seed1690 (63/1050)
2025-07-08 15:34:21,805 - INFO - Completed random_trial11_interval10_seed11690 (64/1050)
2025-07-08 15:35:41,223 - INFO - Completed random_trial16_interval0_seed16690 (65/1050)
2025-07-08 15:36:30,202 - INFO - Completed random_trial13_interval10_seed13690 (66/1050)
2025-07-08 15:36:37,937 - INFO - Completed random_trial6_interval100_seed6690 (67/1050)
2025-07-08 15:37:16,937 - INFO - Completed random_trial3_interval50_seed3690 (68/1050)
2025-07-08 15:37:40,182 - INFO - Completed random_trial11_interval50_seed11690 (69/1050)
2025-07-08 15:37:40,311 - INFO - Completed random_trial13_interval200_seed13690 (70/1050)
2025-07-08 15:38:38,029 - INFO - Completed random_trial11_interval200_seed11690 (71/1050)
2025-07-08 15:39:13,522 - INFO - Completed random_trial12_interval50_seed12690 (72/1050)
2025-07-08 15:39:36,873 - INFO - Completed random_trial11_intervalinf_seed11690 (73/1050)
2025-07-08 15:40:43,913 - INFO - Completed random_trial14_interval200_seed14690 (74/1050)
2025-07-08 15:40:50,477 - INFO - Completed random_trial14_interval10_seed14690 (75/1050)
2025-07-08 15:41:22,060 - INFO - Completed random_trial17_interval0_seed17690 (76/1050)
2025-07-08 15:41:30,474 - INFO - Completed random_trial13_interval100_seed13690 (77/1050)
2025-07-08 15:41:58,301 - INFO - Completed random_trial2_intervalinf_seed2690 (78/1050)
2025-07-08 15:42:56,039 - INFO - Completed random_trial12_interval10_seed12690 (79/1050)
2025-07-08 15:43:24,658 - INFO - Completed random_trial15_interval25_seed15690 (80/1050)
2025-07-08 15:43:25,921 - INFO - Completed random_trial12_interval100_seed12690 (81/1050)
2025-07-08 15:43:27,225 - INFO - Completed random_trial12_interval25_seed12690 (82/1050)
2025-07-08 15:44:11,241 - INFO - Completed random_trial15_interval100_seed15690 (83/1050)
2025-07-08 15:46:30,137 - INFO - Completed random_trial13_interval50_seed13690 (84/1050)
2025-07-08 15:46:53,847 - INFO - Completed random_trial15_interval50_seed15690 (85/1050)
2025-07-08 15:47:09,551 - INFO - Completed random_trial7_interval100_seed7690 (86/1050)
2025-07-08 15:47:41,448 - INFO - Completed random_trial16_interval10_seed16690 (87/1050)
2025-07-08 15:47:58,149 - INFO - Completed random_trial14_interval25_seed14690 (88/1050)
2025-07-08 15:48:23,693 - INFO - Completed random_trial14_intervalinf_seed14690 (89/1050)
2025-07-08 15:48:51,451 - INFO - Completed random_trial11_interval25_seed11690 (90/1050)
2025-07-08 15:49:19,479 - INFO - Completed random_trial12_intervalinf_seed12690 (91/1050)
2025-07-08 15:51:16,646 - INFO - Completed random_trial15_interval200_seed15690 (92/1050)
2025-07-08 15:52:21,756 - INFO - Completed random_trial18_interval0_seed18690 (93/1050)
2025-07-08 15:52:32,475 - INFO - Completed random_trial13_interval25_seed13690 (94/1050)
2025-07-08 15:53:34,211 - INFO - Completed random_trial19_interval0_seed19690 (95/1050)
2025-07-08 15:55:28,611 - INFO - Completed random_trial20_interval0_seed20690 (96/1050)
2025-07-08 15:58:48,290 - INFO - Completed random_trial16_interval200_seed16690 (97/1050)
2025-07-08 15:59:11,112 - INFO - Completed random_trial16_interval25_seed16690 (98/1050)
2025-07-08 15:59:28,518 - INFO - Completed random_trial17_interval10_seed17690 (99/1050)
2025-07-08 15:59:32,508 - INFO - Completed random_trial15_interval10_seed15690 (100/1050)
2025-07-08 15:59:32,508 - INFO - Progress: 100/1050 (9.5%), Rate: 0.02 tasks/sec, ETA: 15.5 hours
2025-07-08 16:01:42,865 - INFO - Completed random_trial17_interval25_seed17690 (101/1050)
2025-07-08 16:02:20,417 - INFO - Completed random_trial16_interval50_seed16690 (102/1050)
2025-07-08 16:02:50,569 - INFO - Completed random_trial17_interval100_seed17690 (103/1050)
2025-07-08 16:03:13,737 - INFO - Completed random_trial21_interval0_seed21690 (104/1050)
2025-07-08 16:03:43,334 - INFO - Completed random_trial22_interval0_seed22690 (105/1050)
2025-07-08 16:05:09,350 - INFO - Completed random_trial14_interval50_seed14690 (106/1050)
2025-07-08 16:07:26,965 - INFO - Completed random_trial18_interval50_seed18690 (107/1050)
2025-07-08 16:08:14,755 - INFO - Completed random_trial12_interval0_seed12690 (108/1050)
2025-07-08 16:08:15,742 - INFO - Completed random_trial17_interval200_seed17690 (109/1050)
2025-07-08 16:09:14,856 - INFO - Completed random_trial18_interval25_seed18690 (110/1050)
2025-07-08 16:10:46,338 - INFO - Completed random_trial17_interval50_seed17690 (111/1050)
2025-07-08 16:11:20,149 - INFO - Completed random_trial16_intervalinf_seed16690 (112/1050)
2025-07-08 16:11:22,973 - INFO - Completed random_trial19_interval25_seed19690 (113/1050)
2025-07-08 16:11:34,273 - INFO - Completed random_trial14_interval100_seed14690 (114/1050)
2025-07-08 16:12:03,036 - INFO - Completed random_trial18_interval10_seed18690 (115/1050)
2025-07-08 16:12:41,301 - INFO - Completed random_trial19_interval200_seed19690 (116/1050)
2025-07-08 16:14:11,859 - INFO - Completed random_trial20_intervalinf_seed20690 (117/1050)
2025-07-08 16:14:23,641 - INFO - Completed random_trial20_interval25_seed20690 (118/1050)
2025-07-08 16:17:32,192 - INFO - Completed random_trial19_interval100_seed19690 (119/1050)
2025-07-08 16:18:08,237 - INFO - Completed random_trial20_interval50_seed20690 (120/1050)
2025-07-08 16:18:42,056 - INFO - Completed random_trial3_interval100_seed3690 (121/1050)
2025-07-08 16:19:30,306 - INFO - Completed random_trial23_interval0_seed23690 (122/1050)
2025-07-08 16:19:53,352 - INFO - Completed random_trial20_interval10_seed20690 (123/1050)
2025-07-08 16:20:19,804 - INFO - Completed random_trial24_interval0_seed24690 (124/1050)
2025-07-08 16:20:22,330 - INFO - Completed random_trial19_interval50_seed19690 (125/1050)
2025-07-08 16:22:26,873 - INFO - Completed random_trial21_interval50_seed21690 (126/1050)
2025-07-08 16:22:55,485 - INFO - Completed random_trial20_interval100_seed20690 (127/1050)
2025-07-08 16:24:44,149 - INFO - Completed random_trial5_intervalinf_seed5690 (128/1050)
2025-07-08 16:27:31,753 - INFO - Completed random_trial15_intervalinf_seed15690 (129/1050)
2025-07-08 16:28:20,611 - INFO - Completed random_trial20_interval200_seed20690 (130/1050)
2025-07-08 16:29:05,073 - INFO - Completed random_trial18_intervalinf_seed18690 (131/1050)
2025-07-08 16:31:57,303 - INFO - Completed random_trial25_interval0_seed25690 (132/1050)
2025-07-08 16:32:04,149 - INFO - Completed random_trial26_interval0_seed26690 (133/1050)
2025-07-08 16:32:20,014 - INFO - Completed random_trial21_interval10_seed21690 (134/1050)
2025-07-08 16:32:22,489 - INFO - Completed random_trial22_interval200_seed22690 (135/1050)
2025-07-08 16:32:59,547 - INFO - Completed random_trial19_intervalinf_seed19690 (136/1050)
2025-07-08 16:33:00,929 - INFO - Completed random_trial5_interval10_seed5690 (137/1050)
2025-07-08 16:33:42,838 - INFO - Completed random_trial21_interval25_seed21690 (138/1050)
2025-07-08 16:33:52,175 - INFO - Completed random_trial22_interval25_seed22690 (139/1050)
2025-07-08 16:34:11,399 - INFO - Completed random_trial21_interval200_seed21690 (140/1050)
2025-07-08 16:35:38,860 - INFO - Completed random_trial17_intervalinf_seed17690 (141/1050)
2025-07-08 16:35:52,266 - INFO - Completed random_trial23_interval25_seed23690 (142/1050)
2025-07-08 16:36:10,522 - INFO - Completed random_trial13_intervalinf_seed13690 (143/1050)
2025-07-08 16:38:40,375 - INFO - Completed random_trial24_interval10_seed24690 (144/1050)
2025-07-08 16:39:22,821 - INFO - Completed random_trial3_interval200_seed3690 (145/1050)
2025-07-08 16:39:34,050 - INFO - Completed random_trial19_interval10_seed19690 (146/1050)
2025-07-08 16:39:38,705 - INFO - Completed random_trial22_intervalinf_seed22690 (147/1050)
2025-07-08 16:40:07,661 - INFO - Completed random_trial21_interval100_seed21690 (148/1050)
2025-07-08 16:40:11,813 - INFO - Completed random_trial23_interval50_seed23690 (149/1050)
2025-07-08 16:40:28,557 - INFO - Completed random_trial27_interval0_seed27690 (150/1050)
2025-07-08 16:40:28,558 - INFO - Progress: 150/1050 (14.3%), Rate: 0.02 tasks/sec, ETA: 13.9 hours
2025-07-08 16:40:47,098 - INFO - Completed random_trial23_interval200_seed23690 (151/1050)
2025-07-08 16:41:00,690 - INFO - Completed random_trial6_interval25_seed6690 (152/1050)
2025-07-08 16:41:16,643 - INFO - Completed random_trial23_interval100_seed23690 (153/1050)
2025-07-08 16:42:15,247 - INFO - Completed random_trial22_interval50_seed22690 (154/1050)
2025-07-08 16:42:47,326 - INFO - Completed random_trial23_interval10_seed23690 (155/1050)
2025-07-08 16:44:08,285 - INFO - Completed random_trial22_interval10_seed22690 (156/1050)
2025-07-08 16:45:06,868 - INFO - Completed random_trial23_intervalinf_seed23690 (157/1050)
2025-07-08 16:45:52,729 - INFO - Completed random_trial8_interval100_seed8690 (158/1050)
2025-07-08 16:46:25,611 - INFO - Completed random_trial25_interval200_seed25690 (159/1050)
2025-07-08 16:47:11,401 - INFO - Completed random_trial25_interval50_seed25690 (160/1050)
2025-07-08 16:47:22,844 - INFO - Completed random_trial22_interval100_seed22690 (161/1050)
2025-07-08 16:47:35,947 - INFO - Completed random_trial25_interval100_seed25690 (162/1050)
2025-07-08 16:50:03,683 - INFO - Completed random_trial25_interval10_seed25690 (163/1050)
2025-07-08 16:50:39,932 - INFO - Completed random_trial24_interval100_seed24690 (164/1050)
2025-07-08 16:50:52,284 - INFO - Completed random_trial26_interval25_seed26690 (165/1050)
2025-07-08 16:51:13,912 - INFO - Completed random_trial24_interval25_seed24690 (166/1050)
2025-07-08 16:52:47,761 - INFO - Completed random_trial24_intervalinf_seed24690 (167/1050)
2025-07-08 16:53:35,660 - INFO - Completed random_trial29_interval0_seed29690 (168/1050)
2025-07-08 16:53:48,230 - INFO - Completed random_trial28_interval0_seed28690 (169/1050)
2025-07-08 16:57:02,810 - INFO - Completed random_trial25_intervalinf_seed25690 (170/1050)
2025-07-08 16:57:20,930 - INFO - Completed random_trial30_interval0_seed30690 (171/1050)
2025-07-08 16:57:49,370 - INFO - Completed random_trial25_interval25_seed25690 (172/1050)
2025-07-08 17:04:13,977 - INFO - Completed random_trial9_intervalinf_seed9690 (173/1050)
2025-07-08 17:04:29,642 - INFO - Completed random_trial27_interval10_seed27690 (174/1050)
2025-07-08 17:05:03,277 - INFO - Completed random_trial27_interval25_seed27690 (175/1050)
2025-07-08 17:05:34,989 - INFO - Completed random_trial27_interval100_seed27690 (176/1050)
2025-07-08 17:06:09,764 - INFO - Completed random_trial26_interval10_seed26690 (177/1050)
2025-07-08 17:06:57,987 - INFO - Completed random_trial26_intervalinf_seed26690 (178/1050)
2025-07-08 17:07:00,640 - INFO - Completed random_trial32_interval0_seed32690 (179/1050)
2025-07-08 17:09:03,856 - INFO - Completed random_trial27_interval50_seed27690 (180/1050)
2025-07-08 17:09:11,314 - INFO - Completed random_trial16_interval100_seed16690 (181/1050)
2025-07-08 17:09:18,039 - INFO - Completed random_trial26_interval200_seed26690 (182/1050)
2025-07-08 17:09:55,609 - INFO - Completed random_trial28_interval10_seed28690 (183/1050)
2025-07-08 17:10:12,004 - INFO - Completed random_trial28_interval25_seed28690 (184/1050)
2025-07-08 17:12:46,780 - INFO - Completed random_trial33_interval0_seed33690 (185/1050)
2025-07-08 17:13:21,076 - INFO - Completed random_trial26_interval50_seed26690 (186/1050)
2025-07-08 17:13:35,633 - INFO - Completed random_trial28_intervalinf_seed28690 (187/1050)
2025-07-08 17:14:16,141 - INFO - Completed random_trial29_interval50_seed29690 (188/1050)
2025-07-08 17:14:23,109 - INFO - Completed random_trial30_interval25_seed30690 (189/1050)
2025-07-08 17:16:08,845 - INFO - Completed random_trial31_interval50_seed31690 (190/1050)
2025-07-08 17:16:15,440 - INFO - Completed random_trial29_interval100_seed29690 (191/1050)
2025-07-08 17:16:32,631 - INFO - Completed random_trial28_interval50_seed28690 (192/1050)
2025-07-08 17:16:40,838 - INFO - Completed random_trial31_interval0_seed31690 (193/1050)
2025-07-08 17:17:49,079 - INFO - Completed random_trial30_interval100_seed30690 (194/1050)
2025-07-08 17:17:52,641 - INFO - Completed random_trial29_interval10_seed29690 (195/1050)
2025-07-08 17:19:42,837 - INFO - Completed random_trial31_interval200_seed31690 (196/1050)
2025-07-08 17:20:52,117 - INFO - Completed random_trial30_interval10_seed30690 (197/1050)
2025-07-08 17:21:28,281 - INFO - Completed random_trial30_interval50_seed30690 (198/1050)
2025-07-08 17:21:54,765 - INFO - Completed random_trial24_interval200_seed24690 (199/1050)
2025-07-08 17:21:55,509 - INFO - Completed random_trial31_interval25_seed31690 (200/1050)
2025-07-08 17:21:55,509 - INFO - Progress: 200/1050 (19.0%), Rate: 0.02 tasks/sec, ETA: 12.8 hours
2025-07-08 17:21:58,159 - INFO - Completed random_trial28_interval200_seed28690 (201/1050)
2025-07-08 17:23:15,805 - INFO - Completed random_trial29_interval25_seed29690 (202/1050)
2025-07-08 17:23:51,680 - INFO - Completed random_trial35_interval0_seed35690 (203/1050)
2025-07-08 17:23:54,977 - INFO - Completed random_trial32_interval100_seed32690 (204/1050)
2025-07-08 17:24:01,013 - INFO - Completed random_trial32_interval10_seed32690 (205/1050)
2025-07-08 17:24:54,513 - INFO - Completed random_trial30_intervalinf_seed30690 (206/1050)
2025-07-08 17:24:57,047 - INFO - Completed random_trial34_interval0_seed34690 (207/1050)
2025-07-08 17:27:07,036 - INFO - Completed random_trial29_interval200_seed29690 (208/1050)
2025-07-08 17:27:59,265 - INFO - Completed random_trial8_interval200_seed8690 (209/1050)
2025-07-08 17:28:44,061 - INFO - Completed random_trial36_interval0_seed36690 (210/1050)
2025-07-08 17:28:55,878 - INFO - Completed random_trial32_intervalinf_seed32690 (211/1050)
2025-07-08 17:29:28,530 - INFO - Completed random_trial31_interval10_seed31690 (212/1050)
2025-07-08 17:30:52,748 - INFO - Completed random_trial33_interval10_seed33690 (213/1050)
2025-07-08 17:30:58,154 - INFO - Completed random_trial5_interval200_seed5690 (214/1050)
2025-07-08 17:32:25,561 - INFO - Completed random_trial31_interval100_seed31690 (215/1050)
2025-07-08 17:32:39,089 - INFO - Completed random_trial30_interval200_seed30690 (216/1050)
2025-07-08 17:32:45,285 - INFO - Completed random_trial32_interval25_seed32690 (217/1050)
2025-07-08 17:33:33,269 - INFO - Completed random_trial32_interval200_seed32690 (218/1050)
2025-07-08 17:35:07,525 - INFO - Completed random_trial33_interval25_seed33690 (219/1050)
2025-07-08 17:35:28,699 - INFO - Completed random_trial33_interval50_seed33690 (220/1050)
2025-07-08 17:36:02,568 - INFO - Completed random_trial37_interval0_seed37690 (221/1050)
2025-07-08 17:36:02,774 - INFO - Completed random_trial32_interval50_seed32690 (222/1050)
2025-07-08 17:37:35,956 - INFO - Completed random_trial21_intervalinf_seed21690 (223/1050)
2025-07-08 17:40:34,230 - INFO - Completed random_trial34_interval25_seed34690 (224/1050)
2025-07-08 17:41:38,450 - INFO - Completed random_trial34_interval50_seed34690 (225/1050)
2025-07-08 17:41:57,526 - INFO - Completed random_trial38_interval0_seed38690 (226/1050)
2025-07-08 17:45:41,169 - INFO - Completed random_trial39_interval0_seed39690 (227/1050)
2025-07-08 17:46:09,518 - INFO - Completed random_trial33_intervalinf_seed33690 (228/1050)
2025-07-08 17:46:16,365 - INFO - Completed random_trial33_interval100_seed33690 (229/1050)
2025-07-08 17:48:05,944 - INFO - Completed random_trial34_interval10_seed34690 (230/1050)
2025-07-08 17:49:36,537 - INFO - Completed random_trial35_interval25_seed35690 (231/1050)
2025-07-08 17:49:54,809 - INFO - Completed random_trial36_interval10_seed36690 (232/1050)
2025-07-08 17:50:21,174 - INFO - Completed random_trial24_interval50_seed24690 (233/1050)
2025-07-08 17:51:50,936 - INFO - Completed random_trial36_interval50_seed36690 (234/1050)
2025-07-08 17:51:57,639 - INFO - Completed random_trial40_interval0_seed40690 (235/1050)
2025-07-08 17:52:32,006 - INFO - Completed random_trial35_interval10_seed35690 (236/1050)
2025-07-08 17:53:10,276 - INFO - Completed random_trial36_interval200_seed36690 (237/1050)
2025-07-08 17:53:45,005 - INFO - Completed random_trial28_interval100_seed28690 (238/1050)
2025-07-08 17:54:51,571 - INFO - Completed random_trial37_interval10_seed37690 (239/1050)
2025-07-08 17:54:58,877 - INFO - Completed random_trial35_interval200_seed35690 (240/1050)
2025-07-08 17:55:26,628 - INFO - Completed random_trial41_interval0_seed41690 (241/1050)
2025-07-08 17:57:28,471 - INFO - Completed random_trial34_interval100_seed34690 (242/1050)
2025-07-08 17:58:04,842 - INFO - Completed random_trial36_interval100_seed36690 (243/1050)
2025-07-08 17:59:33,841 - INFO - Completed random_trial35_intervalinf_seed35690 (244/1050)
2025-07-08 17:59:39,871 - INFO - Completed random_trial37_interval25_seed37690 (245/1050)
2025-07-08 18:00:26,747 - INFO - Completed random_trial34_interval200_seed34690 (246/1050)
2025-07-08 18:00:28,037 - INFO - Completed random_trial38_interval25_seed38690 (247/1050)
2025-07-08 18:01:00,225 - INFO - Completed random_trial2_interval25_seed2690 (248/1050)
2025-07-08 18:02:54,778 - INFO - Completed random_trial35_interval50_seed35690 (249/1050)
2025-07-08 18:03:59,699 - INFO - Completed random_trial39_interval50_seed39690 (250/1050)
2025-07-08 18:03:59,700 - INFO - Progress: 250/1050 (23.8%), Rate: 0.02 tasks/sec, ETA: 11.9 hours
2025-07-08 18:04:56,281 - INFO - Completed random_trial38_interval10_seed38690 (251/1050)
2025-07-08 18:05:03,881 - INFO - Completed random_trial39_interval10_seed39690 (252/1050)
2025-07-08 18:06:33,257 - INFO - Completed random_trial38_interval200_seed38690 (253/1050)
2025-07-08 18:08:04,821 - INFO - Completed random_trial36_interval25_seed36690 (254/1050)
2025-07-08 18:08:05,006 - INFO - Completed random_trial36_intervalinf_seed36690 (255/1050)
2025-07-08 18:08:41,015 - INFO - Completed random_trial42_interval0_seed42690 (256/1050)
2025-07-08 18:09:15,791 - INFO - Completed random_trial43_interval0_seed43690 (257/1050)
2025-07-08 18:09:54,226 - INFO - Completed random_trial37_interval50_seed37690 (258/1050)
2025-07-08 18:10:00,721 - INFO - Completed random_trial39_interval200_seed39690 (259/1050)
2025-07-08 18:11:13,101 - INFO - Completed random_trial37_interval200_seed37690 (260/1050)
2025-07-08 18:12:37,127 - INFO - Completed random_trial37_interval100_seed37690 (261/1050)
2025-07-08 18:13:14,215 - INFO - Completed random_trial40_interval10_seed40690 (262/1050)
2025-07-08 18:13:18,245 - INFO - Completed random_trial37_intervalinf_seed37690 (263/1050)
2025-07-08 18:14:11,381 - INFO - Completed random_trial38_interval100_seed38690 (264/1050)
2025-07-08 18:14:28,100 - INFO - Completed random_trial27_intervalinf_seed27690 (265/1050)
2025-07-08 18:15:45,460 - INFO - Completed random_trial44_interval0_seed44690 (266/1050)
2025-07-08 18:16:24,079 - INFO - Completed random_trial39_interval25_seed39690 (267/1050)
2025-07-08 18:16:25,706 - INFO - Completed random_trial38_interval50_seed38690 (268/1050)
2025-07-08 18:16:26,316 - INFO - Completed random_trial41_interval10_seed41690 (269/1050)
2025-07-08 18:18:55,088 - INFO - Completed random_trial12_interval200_seed12690 (270/1050)
2025-07-08 18:19:18,846 - INFO - Completed random_trial40_interval200_seed40690 (271/1050)
2025-07-08 18:21:09,150 - INFO - Completed random_trial41_interval25_seed41690 (272/1050)
2025-07-08 18:23:38,842 - INFO - Completed random_trial41_interval100_seed41690 (273/1050)
2025-07-08 18:24:00,426 - INFO - Completed random_trial27_interval200_seed27690 (274/1050)
2025-07-08 18:24:08,961 - INFO - Completed random_trial39_intervalinf_seed39690 (275/1050)
2025-07-08 18:24:27,677 - INFO - Completed random_trial45_interval0_seed45690 (276/1050)
2025-07-08 18:24:28,066 - INFO - Completed random_trial9_interval50_seed9690 (277/1050)
2025-07-08 18:24:38,732 - INFO - Completed random_trial40_interval50_seed40690 (278/1050)
2025-07-08 18:26:12,536 - INFO - Completed random_trial40_intervalinf_seed40690 (279/1050)
2025-07-08 18:26:30,380 - INFO - Completed random_trial41_interval50_seed41690 (280/1050)
2025-07-08 18:27:44,458 - INFO - Completed random_trial43_interval10_seed43690 (281/1050)
2025-07-08 18:28:14,921 - INFO - Completed random_trial39_interval100_seed39690 (282/1050)
2025-07-08 18:30:50,218 - INFO - Completed random_trial42_interval25_seed42690 (283/1050)
2025-07-08 18:30:59,661 - INFO - Completed random_trial43_interval25_seed43690 (284/1050)
2025-07-08 18:32:54,725 - INFO - Completed random_trial41_interval200_seed41690 (285/1050)
2025-07-08 18:34:25,733 - INFO - Completed random_trial42_interval50_seed42690 (286/1050)
2025-07-08 18:36:22,197 - INFO - Completed random_trial42_interval100_seed42690 (287/1050)
2025-07-08 18:37:59,349 - INFO - Completed random_trial47_interval0_seed47690 (288/1050)
2025-07-08 18:38:11,442 - INFO - Completed random_trial43_interval200_seed43690 (289/1050)
2025-07-08 18:38:19,614 - INFO - Completed random_trial45_interval10_seed45690 (290/1050)
2025-07-08 18:38:28,533 - INFO - Completed random_trial42_interval200_seed42690 (291/1050)
2025-07-08 18:38:43,966 - INFO - Completed random_trial42_interval10_seed42690 (292/1050)
2025-07-08 18:39:01,610 - INFO - Completed random_trial44_interval100_seed44690 (293/1050)
2025-07-08 18:39:51,689 - INFO - Completed random_trial43_intervalinf_seed43690 (294/1050)
2025-07-08 18:40:22,417 - INFO - Completed random_trial48_interval0_seed48690 (295/1050)
2025-07-08 18:40:50,134 - INFO - Completed random_trial44_interval10_seed44690 (296/1050)
2025-07-08 18:41:02,400 - INFO - Completed random_trial43_interval50_seed43690 (297/1050)
2025-07-08 18:42:26,860 - INFO - Completed random_trial44_intervalinf_seed44690 (298/1050)
2025-07-08 18:42:27,545 - INFO - Completed random_trial44_interval50_seed44690 (299/1050)
2025-07-08 18:43:50,780 - INFO - Completed random_trial40_interval100_seed40690 (300/1050)
2025-07-08 18:43:50,782 - INFO - Progress: 300/1050 (28.6%), Rate: 0.02 tasks/sec, ETA: 10.9 hours
2025-07-08 18:44:00,454 - INFO - Completed random_trial49_interval0_seed49690 (301/1050)
2025-07-08 18:45:13,874 - INFO - Completed random_trial46_interval25_seed46690 (302/1050)
2025-07-08 18:45:56,501 - INFO - Completed random_trial18_interval100_seed18690 (303/1050)
2025-07-08 18:47:59,901 - INFO - Completed random_trial46_interval50_seed46690 (304/1050)
2025-07-08 18:49:31,162 - INFO - Completed random_trial47_interval50_seed47690 (305/1050)
2025-07-08 18:50:45,161 - INFO - Completed random_trial34_intervalinf_seed34690 (306/1050)
2025-07-08 18:50:48,814 - INFO - Completed random_trial31_intervalinf_seed31690 (307/1050)
2025-07-08 18:50:49,465 - INFO - Completed random_trial43_interval100_seed43690 (308/1050)
2025-07-08 18:51:17,885 - INFO - Completed random_trial45_interval200_seed45690 (309/1050)
2025-07-08 18:51:49,647 - INFO - Completed random_trial44_interval25_seed44690 (310/1050)
2025-07-08 18:52:37,474 - INFO - Completed random_trial41_intervalinf_seed41690 (311/1050)
2025-07-08 18:52:43,733 - INFO - Completed random_trial46_interval100_seed46690 (312/1050)
2025-07-08 18:52:45,149 - INFO - Completed random_trial47_intervalinf_seed47690 (313/1050)
2025-07-08 18:53:27,545 - INFO - Completed random_trial38_intervalinf_seed38690 (314/1050)
2025-07-08 18:53:50,887 - INFO - Completed random_trial46_interval200_seed46690 (315/1050)
2025-07-08 18:55:05,713 - INFO - Completed random_trial45_interval25_seed45690 (316/1050)
2025-07-08 18:56:31,478 - INFO - Completed random_trial46_interval10_seed46690 (317/1050)
2025-07-08 18:56:45,377 - INFO - Completed random_trial18_interval200_seed18690 (318/1050)
2025-07-08 18:56:56,815 - INFO - Completed evasive_trial0_interval0_seed582 (319/1050)
2025-07-08 18:57:05,559 - INFO - Completed random_trial45_interval100_seed45690 (320/1050)
2025-07-08 18:57:21,267 - INFO - Completed evasive_trial1_interval0_seed1582 (321/1050)
2025-07-08 18:59:07,506 - INFO - Completed random_trial48_interval50_seed48690 (322/1050)
2025-07-08 18:59:25,818 - INFO - Completed random_trial33_interval200_seed33690 (323/1050)
2025-07-08 18:59:41,081 - INFO - Completed random_trial47_interval25_seed47690 (324/1050)
2025-07-08 19:00:55,439 - INFO - Completed random_trial45_interval50_seed45690 (325/1050)
2025-07-08 19:01:20,920 - INFO - Completed random_trial47_interval200_seed47690 (326/1050)
2025-07-08 19:01:22,585 - INFO - Completed random_trial47_interval100_seed47690 (327/1050)
2025-07-08 19:01:27,318 - INFO - Completed evasive_trial2_interval0_seed2582 (328/1050)
2025-07-08 19:01:44,212 - INFO - Completed random_trial49_interval10_seed49690 (329/1050)
2025-07-08 19:02:26,324 - INFO - Completed random_trial48_interval10_seed48690 (330/1050)
2025-07-08 19:05:37,169 - INFO - Completed random_trial48_interval25_seed48690 (331/1050)
2025-07-08 19:06:01,795 - INFO - Completed random_trial49_interval100_seed49690 (332/1050)
2025-07-08 19:09:01,898 - INFO - Completed random_trial35_interval100_seed35690 (333/1050)
2025-07-08 19:09:07,831 - INFO - Completed evasive_trial0_interval10_seed582 (334/1050)
2025-07-08 19:11:06,716 - INFO - Completed random_trial48_interval200_seed48690 (335/1050)
2025-07-08 19:11:17,064 - INFO - Completed evasive_trial3_interval0_seed3582 (336/1050)
2025-07-08 19:11:32,657 - INFO - Completed evasive_trial4_interval0_seed4582 (337/1050)
2025-07-08 19:12:29,011 - INFO - Completed random_trial49_interval25_seed49690 (338/1050)
2025-07-08 19:14:21,464 - INFO - Completed random_trial49_interval200_seed49690 (339/1050)
2025-07-08 19:15:35,455 - INFO - Completed random_trial47_interval10_seed47690 (340/1050)
2025-07-08 19:15:39,945 - INFO - Completed evasive_trial1_interval50_seed1582 (341/1050)
2025-07-08 19:15:49,881 - INFO - Completed evasive_trial1_interval100_seed1582 (342/1050)
2025-07-08 19:16:42,975 - INFO - Completed evasive_trial5_interval0_seed5582 (343/1050)
2025-07-08 19:17:13,515 - INFO - Completed evasive_trial1_interval10_seed1582 (344/1050)
2025-07-08 19:18:14,423 - INFO - Completed evasive_trial6_interval0_seed6582 (345/1050)
2025-07-08 19:18:57,707 - INFO - Completed evasive_trial0_interval25_seed582 (346/1050)
2025-07-08 19:20:34,018 - INFO - Completed evasive_trial0_interval200_seed582 (347/1050)
2025-07-08 19:21:58,054 - INFO - Completed evasive_trial2_interval10_seed2582 (348/1050)
2025-07-08 19:22:23,715 - INFO - Completed random_trial49_intervalinf_seed49690 (349/1050)
2025-07-08 19:22:49,507 - INFO - Completed evasive_trial0_intervalinf_seed582 (350/1050)
2025-07-08 19:22:49,507 - INFO - Progress: 350/1050 (33.3%), Rate: 0.02 tasks/sec, ETA: 10.0 hours
2025-07-08 19:23:31,432 - INFO - Completed evasive_trial2_interval100_seed2582 (351/1050)
2025-07-08 19:27:34,825 - INFO - Completed evasive_trial1_interval200_seed1582 (352/1050)
2025-07-08 19:28:33,206 - INFO - Completed evasive_trial4_interval10_seed4582 (353/1050)
2025-07-08 19:28:34,434 - INFO - Completed evasive_trial3_interval200_seed3582 (354/1050)
2025-07-08 19:28:36,957 - INFO - Completed random_trial46_interval0_seed46690 (355/1050)
2025-07-08 19:28:46,168 - INFO - Completed evasive_trial7_interval0_seed7582 (356/1050)
2025-07-08 19:29:23,207 - INFO - Completed evasive_trial1_intervalinf_seed1582 (357/1050)
2025-07-08 19:29:26,803 - INFO - Completed evasive_trial3_interval50_seed3582 (358/1050)
2025-07-08 19:29:46,869 - INFO - Completed evasive_trial2_interval25_seed2582 (359/1050)
2025-07-08 19:30:23,794 - INFO - Completed evasive_trial3_interval10_seed3582 (360/1050)
2025-07-08 19:30:33,119 - INFO - Completed random_trial48_interval100_seed48690 (361/1050)
2025-07-08 19:31:20,036 - INFO - Completed evasive_trial8_interval0_seed8582 (362/1050)
2025-07-08 19:32:02,342 - INFO - Completed evasive_trial3_interval100_seed3582 (363/1050)
2025-07-08 19:32:45,585 - INFO - Completed evasive_trial2_interval50_seed2582 (364/1050)
2025-07-08 19:34:16,024 - INFO - Completed evasive_trial5_interval25_seed5582 (365/1050)
2025-07-08 19:35:16,145 - INFO - Completed evasive_trial1_interval25_seed1582 (366/1050)
2025-07-08 19:35:52,262 - INFO - Completed evasive_trial6_interval10_seed6582 (367/1050)
2025-07-08 19:36:02,389 - INFO - Completed evasive_trial4_interval100_seed4582 (368/1050)
2025-07-08 19:36:54,981 - INFO - Completed evasive_trial5_interval100_seed5582 (369/1050)
2025-07-08 19:37:21,177 - INFO - Completed evasive_trial3_interval25_seed3582 (370/1050)
2025-07-08 19:37:42,079 - INFO - Completed evasive_trial9_interval0_seed9582 (371/1050)
2025-07-08 19:38:14,454 - INFO - Completed evasive_trial4_intervalinf_seed4582 (372/1050)
2025-07-08 19:39:48,579 - INFO - Completed evasive_trial4_interval200_seed4582 (373/1050)
2025-07-08 19:40:13,977 - INFO - Completed evasive_trial5_intervalinf_seed5582 (374/1050)
2025-07-08 19:40:50,949 - INFO - Completed evasive_trial7_interval10_seed7582 (375/1050)
2025-07-08 19:40:57,582 - INFO - Completed evasive_trial5_interval200_seed5582 (376/1050)
2025-07-08 19:41:02,729 - INFO - Completed evasive_trial6_interval50_seed6582 (377/1050)
2025-07-08 19:42:23,426 - INFO - Completed evasive_trial3_intervalinf_seed3582 (378/1050)
2025-07-08 19:44:34,280 - INFO - Completed evasive_trial10_interval0_seed10582 (379/1050)
2025-07-08 19:44:37,040 - INFO - Completed evasive_trial4_interval25_seed4582 (380/1050)
2025-07-08 19:44:51,193 - INFO - Completed random_trial45_intervalinf_seed45690 (381/1050)
2025-07-08 19:45:02,386 - INFO - Completed evasive_trial6_interval200_seed6582 (382/1050)
2025-07-08 19:45:15,265 - INFO - Completed evasive_trial6_interval25_seed6582 (383/1050)
2025-07-08 19:45:25,249 - INFO - Completed evasive_trial4_interval50_seed4582 (384/1050)
2025-07-08 19:48:00,761 - INFO - Completed evasive_trial7_interval200_seed7582 (385/1050)
2025-07-08 19:48:43,535 - INFO - Completed evasive_trial5_interval50_seed5582 (386/1050)
2025-07-08 19:48:57,829 - INFO - Completed random_trial10_interval10_seed10690 (387/1050)
2025-07-08 19:51:57,901 - INFO - Completed evasive_trial7_intervalinf_seed7582 (388/1050)
2025-07-08 19:52:24,823 - INFO - Completed evasive_trial11_interval0_seed11582 (389/1050)
2025-07-08 19:52:39,834 - INFO - Completed evasive_trial7_interval25_seed7582 (390/1050)
2025-07-08 19:52:59,361 - INFO - Completed random_trial46_intervalinf_seed46690 (391/1050)
2025-07-08 19:53:32,758 - INFO - Completed random_trial40_interval25_seed40690 (392/1050)
2025-07-08 19:55:27,241 - INFO - Completed random_trial48_intervalinf_seed48690 (393/1050)
2025-07-08 19:55:47,393 - INFO - Completed evasive_trial8_interval25_seed8582 (394/1050)
2025-07-08 19:55:50,225 - INFO - Completed evasive_trial12_interval0_seed12582 (395/1050)
2025-07-08 19:56:30,530 - INFO - Completed evasive_trial6_intervalinf_seed6582 (396/1050)
2025-07-08 19:57:05,115 - INFO - Completed evasive_trial7_interval100_seed7582 (397/1050)
2025-07-08 19:57:56,549 - INFO - Completed evasive_trial8_intervalinf_seed8582 (398/1050)
2025-07-08 19:58:02,200 - INFO - Completed random_trial26_interval100_seed26690 (399/1050)
2025-07-08 19:58:34,637 - INFO - Completed evasive_trial7_interval50_seed7582 (400/1050)
2025-07-08 19:58:34,637 - INFO - Progress: 400/1050 (38.1%), Rate: 0.02 tasks/sec, ETA: 9.1 hours
2025-07-08 19:59:25,259 - INFO - Completed evasive_trial13_interval0_seed13582 (401/1050)
2025-07-08 19:59:28,542 - INFO - Completed evasive_trial8_interval50_seed8582 (402/1050)
2025-07-08 20:00:14,969 - INFO - Completed evasive_trial8_interval200_seed8582 (403/1050)
2025-07-08 20:05:23,694 - INFO - Completed evasive_trial10_interval10_seed10582 (404/1050)
2025-07-08 20:05:40,381 - INFO - Completed evasive_trial8_interval100_seed8582 (405/1050)
2025-07-08 20:07:27,678 - INFO - Completed evasive_trial11_interval10_seed11582 (406/1050)
2025-07-08 20:07:29,323 - INFO - Completed evasive_trial14_interval0_seed14582 (407/1050)
2025-07-08 20:08:40,934 - INFO - Completed evasive_trial9_interval200_seed9582 (408/1050)
2025-07-08 20:09:30,565 - INFO - Completed evasive_trial0_interval50_seed582 (409/1050)
2025-07-08 20:10:10,921 - INFO - Completed evasive_trial9_interval25_seed9582 (410/1050)
2025-07-08 20:10:29,946 - INFO - Completed evasive_trial8_interval10_seed8582 (411/1050)
2025-07-08 20:13:01,552 - INFO - Completed evasive_trial11_intervalinf_seed11582 (412/1050)
2025-07-08 20:13:04,203 - INFO - Completed evasive_trial10_interval25_seed10582 (413/1050)
2025-07-08 20:13:37,613 - INFO - Completed evasive_trial9_interval10_seed9582 (414/1050)
2025-07-08 20:13:46,215 - INFO - Completed evasive_trial15_interval0_seed15582 (415/1050)
2025-07-08 20:16:05,974 - INFO - Completed evasive_trial12_interval200_seed12582 (416/1050)
2025-07-08 20:16:16,842 - INFO - Completed evasive_trial11_interval50_seed11582 (417/1050)
2025-07-08 20:16:25,142 - INFO - Completed evasive_trial9_interval100_seed9582 (418/1050)
2025-07-08 20:17:03,040 - INFO - Completed evasive_trial10_interval50_seed10582 (419/1050)
2025-07-08 20:18:07,178 - INFO - Completed evasive_trial6_interval100_seed6582 (420/1050)
2025-07-08 20:18:34,935 - INFO - Completed evasive_trial9_interval50_seed9582 (421/1050)
2025-07-08 20:18:54,345 - INFO - Completed evasive_trial11_interval200_seed11582 (422/1050)
2025-07-08 20:20:48,549 - INFO - Completed evasive_trial10_interval100_seed10582 (423/1050)
2025-07-08 20:21:14,619 - INFO - Completed evasive_trial10_intervalinf_seed10582 (424/1050)
2025-07-08 20:21:14,745 - INFO - Completed evasive_trial11_interval100_seed11582 (425/1050)
2025-07-08 20:22:04,486 - INFO - Completed evasive_trial11_interval25_seed11582 (426/1050)
2025-07-08 20:22:18,789 - INFO - Completed evasive_trial13_interval200_seed13582 (427/1050)
2025-07-08 20:22:38,530 - INFO - Completed evasive_trial0_interval100_seed582 (428/1050)
2025-07-08 20:23:31,648 - INFO - Completed evasive_trial13_interval100_seed13582 (429/1050)
2025-07-08 20:24:03,916 - INFO - Completed evasive_trial2_intervalinf_seed2582 (430/1050)
2025-07-08 20:25:41,778 - INFO - Completed evasive_trial12_interval100_seed12582 (431/1050)
2025-07-08 20:26:18,250 - INFO - Completed evasive_trial13_interval10_seed13582 (432/1050)
2025-07-08 20:26:31,517 - INFO - Completed evasive_trial14_interval100_seed14582 (433/1050)
2025-07-08 20:28:33,083 - INFO - Completed evasive_trial17_interval0_seed17582 (434/1050)
2025-07-08 20:28:48,978 - INFO - Completed evasive_trial12_interval25_seed12582 (435/1050)
2025-07-08 20:28:56,481 - INFO - Completed evasive_trial10_interval200_seed10582 (436/1050)
2025-07-08 20:29:51,359 - INFO - Completed evasive_trial12_interval10_seed12582 (437/1050)
2025-07-08 20:30:02,505 - INFO - Completed evasive_trial13_interval25_seed13582 (438/1050)
2025-07-08 20:30:07,320 - INFO - Completed evasive_trial18_interval0_seed18582 (439/1050)
2025-07-08 20:31:45,274 - INFO - Completed evasive_trial12_interval50_seed12582 (440/1050)
2025-07-08 20:32:22,446 - INFO - Completed evasive_trial15_interval100_seed15582 (441/1050)
2025-07-08 20:33:02,914 - INFO - Completed evasive_trial19_interval0_seed19582 (442/1050)
2025-07-08 20:33:30,239 - INFO - Completed evasive_trial16_interval50_seed16582 (443/1050)
2025-07-08 20:34:55,864 - INFO - Completed evasive_trial15_interval50_seed15582 (444/1050)
2025-07-08 20:36:02,676 - INFO - Completed evasive_trial14_interval200_seed14582 (445/1050)
2025-07-08 20:36:25,662 - INFO - Completed evasive_trial13_intervalinf_seed13582 (446/1050)
2025-07-08 20:37:08,463 - INFO - Completed evasive_trial15_interval200_seed15582 (447/1050)
2025-07-08 20:37:14,469 - INFO - Completed evasive_trial14_interval10_seed14582 (448/1050)
2025-07-08 20:39:07,849 - INFO - Completed evasive_trial16_interval25_seed16582 (449/1050)
2025-07-08 20:39:39,367 - INFO - Completed evasive_trial13_interval50_seed13582 (450/1050)
2025-07-08 20:39:39,367 - INFO - Progress: 450/1050 (42.9%), Rate: 0.02 tasks/sec, ETA: 8.4 hours
2025-07-08 20:39:59,730 - INFO - Completed evasive_trial15_interval25_seed15582 (451/1050)
2025-07-08 20:40:56,398 - INFO - Completed evasive_trial16_interval10_seed16582 (452/1050)
2025-07-08 20:41:45,450 - INFO - Completed evasive_trial14_interval50_seed14582 (453/1050)
2025-07-08 20:41:49,936 - INFO - Completed evasive_trial15_interval10_seed15582 (454/1050)
2025-07-08 20:42:46,750 - INFO - Completed evasive_trial16_interval200_seed16582 (455/1050)
2025-07-08 20:43:19,126 - INFO - Completed random_trial4_interval25_seed4690 (456/1050)
2025-07-08 20:43:38,001 - INFO - Completed evasive_trial17_interval200_seed17582 (457/1050)
2025-07-08 20:44:50,629 - INFO - Completed evasive_trial14_intervalinf_seed14582 (458/1050)
2025-07-08 20:45:35,566 - INFO - Completed evasive_trial15_intervalinf_seed15582 (459/1050)
2025-07-08 20:46:00,659 - INFO - Completed evasive_trial22_interval0_seed22582 (460/1050)
2025-07-08 20:47:56,199 - INFO - Completed evasive_trial21_interval0_seed21582 (461/1050)
2025-07-08 20:50:01,718 - INFO - Completed evasive_trial17_interval25_seed17582 (462/1050)
2025-07-08 20:50:59,838 - INFO - Completed evasive_trial16_intervalinf_seed16582 (463/1050)
2025-07-08 20:51:54,786 - INFO - Completed evasive_trial17_interval10_seed17582 (464/1050)
2025-07-08 20:53:10,782 - INFO - Completed evasive_trial23_interval0_seed23582 (465/1050)
2025-07-08 20:55:23,716 - INFO - Completed evasive_trial18_interval100_seed18582 (466/1050)
2025-07-08 20:55:49,148 - INFO - Completed evasive_trial18_interval25_seed18582 (467/1050)
2025-07-08 20:56:22,165 - INFO - Completed evasive_trial17_intervalinf_seed17582 (468/1050)
2025-07-08 20:57:11,425 - INFO - Completed evasive_trial19_interval25_seed19582 (469/1050)
2025-07-08 20:57:11,787 - INFO - Completed evasive_trial18_interval50_seed18582 (470/1050)
2025-07-08 20:57:31,553 - INFO - Completed evasive_trial17_interval100_seed17582 (471/1050)
2025-07-08 20:58:15,431 - INFO - Completed evasive_trial24_interval0_seed24582 (472/1050)
2025-07-08 20:59:20,318 - INFO - Completed evasive_trial18_interval200_seed18582 (473/1050)
2025-07-08 20:59:40,929 - INFO - Completed random_trial0_interval50_seed690 (474/1050)
2025-07-08 21:01:27,668 - INFO - Completed evasive_trial2_interval200_seed2582 (475/1050)
2025-07-08 21:02:21,922 - INFO - Completed evasive_trial16_interval100_seed16582 (476/1050)
2025-07-08 21:02:43,911 - INFO - Completed evasive_trial19_interval10_seed19582 (477/1050)
2025-07-08 21:02:49,565 - INFO - Completed evasive_trial21_interval10_seed21582 (478/1050)
2025-07-08 21:02:52,290 - INFO - Completed random_trial7_interval25_seed7690 (479/1050)
2025-07-08 21:03:38,824 - INFO - Completed evasive_trial18_interval10_seed18582 (480/1050)
2025-07-08 21:05:26,682 - INFO - Completed evasive_trial20_interval25_seed20582 (481/1050)
2025-07-08 21:06:17,274 - INFO - Completed random_trial42_intervalinf_seed42690 (482/1050)
2025-07-08 21:07:10,980 - INFO - Completed evasive_trial25_interval0_seed25582 (483/1050)
2025-07-08 21:07:27,345 - INFO - Completed evasive_trial19_interval100_seed19582 (484/1050)
2025-07-08 21:07:36,574 - INFO - Completed evasive_trial20_interval50_seed20582 (485/1050)
2025-07-08 21:08:50,342 - INFO - Completed evasive_trial21_interval100_seed21582 (486/1050)
2025-07-08 21:09:15,170 - INFO - Completed evasive_trial20_interval10_seed20582 (487/1050)
2025-07-08 21:09:49,710 - INFO - Completed evasive_trial19_interval200_seed19582 (488/1050)
2025-07-08 21:10:06,437 - INFO - Completed evasive_trial20_interval200_seed20582 (489/1050)
2025-07-08 21:11:21,440 - INFO - Completed evasive_trial21_intervalinf_seed21582 (490/1050)
2025-07-08 21:11:26,474 - INFO - Completed evasive_trial19_interval50_seed19582 (491/1050)
2025-07-08 21:11:31,813 - INFO - Completed evasive_trial21_interval50_seed21582 (492/1050)
2025-07-08 21:11:34,381 - INFO - Completed evasive_trial21_interval200_seed21582 (493/1050)
2025-07-08 21:13:08,681 - INFO - Completed evasive_trial20_intervalinf_seed20582 (494/1050)
2025-07-08 21:14:07,261 - INFO - Completed evasive_trial22_interval50_seed22582 (495/1050)
2025-07-08 21:14:26,009 - INFO - Completed evasive_trial23_interval10_seed23582 (496/1050)
2025-07-08 21:15:11,085 - INFO - Completed evasive_trial22_interval25_seed22582 (497/1050)
2025-07-08 21:15:35,141 - INFO - Completed evasive_trial22_intervalinf_seed22582 (498/1050)
2025-07-08 21:16:15,335 - INFO - Completed evasive_trial20_interval100_seed20582 (499/1050)
2025-07-08 21:16:23,947 - INFO - Completed evasive_trial26_interval0_seed26582 (500/1050)
2025-07-08 21:16:23,947 - INFO - Progress: 500/1050 (47.6%), Rate: 0.02 tasks/sec, ETA: 7.6 hours
2025-07-08 21:16:26,966 - INFO - Completed evasive_trial22_interval10_seed22582 (501/1050)
2025-07-08 21:17:09,637 - INFO - Completed evasive_trial19_intervalinf_seed19582 (502/1050)
2025-07-08 21:18:53,932 - INFO - Completed evasive_trial27_interval0_seed27582 (503/1050)
2025-07-08 21:20:48,218 - INFO - Completed evasive_trial23_interval50_seed23582 (504/1050)
2025-07-08 21:21:09,639 - INFO - Completed evasive_trial16_interval0_seed16582 (505/1050)
2025-07-08 21:21:32,102 - INFO - Completed evasive_trial23_interval25_seed23582 (506/1050)
2025-07-08 21:21:58,471 - INFO - Completed evasive_trial22_interval100_seed22582 (507/1050)
2025-07-08 21:22:13,728 - INFO - Completed evasive_trial22_interval200_seed22582 (508/1050)
2025-07-08 21:22:39,918 - INFO - Completed evasive_trial23_interval100_seed23582 (509/1050)
2025-07-08 21:23:31,881 - INFO - Completed evasive_trial25_interval10_seed25582 (510/1050)
2025-07-08 21:26:02,176 - INFO - Completed evasive_trial29_interval0_seed29582 (511/1050)
2025-07-08 21:27:02,542 - INFO - Completed evasive_trial23_intervalinf_seed23582 (512/1050)
2025-07-08 21:27:13,606 - INFO - Completed evasive_trial24_interval200_seed24582 (513/1050)
2025-07-08 21:27:14,470 - INFO - Completed evasive_trial23_interval200_seed23582 (514/1050)
2025-07-08 21:27:29,273 - INFO - Completed evasive_trial24_interval10_seed24582 (515/1050)
2025-07-08 21:28:07,137 - INFO - Completed evasive_trial24_intervalinf_seed24582 (516/1050)
2025-07-08 21:28:09,176 - INFO - Completed evasive_trial28_interval0_seed28582 (517/1050)
2025-07-08 21:29:55,497 - INFO - Completed evasive_trial20_interval0_seed20582 (518/1050)
2025-07-08 21:32:14,051 - INFO - Completed evasive_trial26_interval10_seed26582 (519/1050)
2025-07-08 21:34:47,828 - INFO - Completed evasive_trial26_interval50_seed26582 (520/1050)
2025-07-08 21:35:05,028 - INFO - Completed evasive_trial24_interval100_seed24582 (521/1050)
2025-07-08 21:35:26,064 - INFO - Completed evasive_trial25_interval200_seed25582 (522/1050)
2025-07-08 21:36:31,777 - INFO - Completed evasive_trial25_interval25_seed25582 (523/1050)
2025-07-08 21:36:47,522 - INFO - Completed evasive_trial26_interval25_seed26582 (524/1050)
2025-07-08 21:37:46,277 - INFO - Completed evasive_trial24_interval25_seed24582 (525/1050)
2025-07-08 21:38:15,804 - INFO - Completed evasive_trial25_interval50_seed25582 (526/1050)
2025-07-08 21:39:44,788 - INFO - Completed evasive_trial27_interval25_seed27582 (527/1050)
2025-07-08 21:42:00,602 - INFO - Completed evasive_trial26_interval100_seed26582 (528/1050)
2025-07-08 21:43:15,965 - INFO - Completed evasive_trial31_interval0_seed31582 (529/1050)
2025-07-08 21:44:02,530 - INFO - Completed evasive_trial25_interval100_seed25582 (530/1050)
2025-07-08 21:44:49,777 - INFO - Completed evasive_trial25_intervalinf_seed25582 (531/1050)
2025-07-08 21:46:27,113 - INFO - Completed evasive_trial27_intervalinf_seed27582 (532/1050)
2025-07-08 21:46:53,453 - INFO - Completed random_trial29_intervalinf_seed29690 (533/1050)
2025-07-08 21:47:31,752 - INFO - Completed evasive_trial32_interval0_seed32582 (534/1050)
2025-07-08 21:47:36,127 - INFO - Completed evasive_trial28_interval10_seed28582 (535/1050)
2025-07-08 21:48:58,167 - INFO - Completed evasive_trial27_interval200_seed27582 (536/1050)
2025-07-08 21:49:02,467 - INFO - Completed evasive_trial29_intervalinf_seed29582 (537/1050)
2025-07-08 21:50:23,972 - INFO - Completed evasive_trial27_interval10_seed27582 (538/1050)
2025-07-08 21:51:41,816 - INFO - Completed evasive_trial28_interval200_seed28582 (539/1050)
2025-07-08 21:52:34,226 - INFO - Completed evasive_trial29_interval200_seed29582 (540/1050)
2025-07-08 21:52:56,805 - INFO - Completed evasive_trial28_interval25_seed28582 (541/1050)
2025-07-08 21:53:01,313 - INFO - Completed evasive_trial30_interval10_seed30582 (542/1050)
2025-07-08 21:53:01,589 - INFO - Completed evasive_trial29_interval50_seed29582 (543/1050)
2025-07-08 21:53:09,738 - INFO - Completed evasive_trial30_interval50_seed30582 (544/1050)
2025-07-08 21:54:27,329 - INFO - Completed evasive_trial27_interval100_seed27582 (545/1050)
2025-07-08 21:54:55,344 - INFO - Completed evasive_trial30_interval25_seed30582 (546/1050)
2025-07-08 21:55:41,744 - INFO - Completed evasive_trial30_intervalinf_seed30582 (547/1050)
2025-07-08 21:55:42,526 - INFO - Completed evasive_trial31_interval200_seed31582 (548/1050)
2025-07-08 21:56:31,988 - INFO - Completed evasive_trial34_interval0_seed34582 (549/1050)
2025-07-08 21:57:09,071 - INFO - Completed evasive_trial29_interval100_seed29582 (550/1050)
2025-07-08 21:57:09,071 - INFO - Progress: 550/1050 (52.4%), Rate: 0.02 tasks/sec, ETA: 6.9 hours
2025-07-08 21:57:47,863 - INFO - Completed evasive_trial33_interval0_seed33582 (551/1050)
2025-07-08 21:58:04,940 - INFO - Completed evasive_trial29_interval25_seed29582 (552/1050)
2025-07-08 21:58:51,879 - INFO - Completed evasive_trial28_interval50_seed28582 (553/1050)
2025-07-08 21:59:48,224 - INFO - Completed evasive_trial28_interval100_seed28582 (554/1050)
2025-07-08 22:00:19,413 - INFO - Completed evasive_trial31_intervalinf_seed31582 (555/1050)
2025-07-08 22:00:39,632 - INFO - Completed evasive_trial26_intervalinf_seed26582 (556/1050)
2025-07-08 22:01:38,486 - INFO - Completed evasive_trial32_interval25_seed32582 (557/1050)
2025-07-08 22:03:04,557 - INFO - Completed evasive_trial32_interval50_seed32582 (558/1050)
2025-07-08 22:03:58,393 - INFO - Completed evasive_trial35_interval0_seed35582 (559/1050)
2025-07-08 22:04:32,291 - INFO - Completed evasive_trial32_interval200_seed32582 (560/1050)
2025-07-08 22:04:47,425 - INFO - Completed evasive_trial12_intervalinf_seed12582 (561/1050)
2025-07-08 22:05:24,690 - INFO - Completed evasive_trial32_intervalinf_seed32582 (562/1050)
2025-07-08 22:06:56,610 - INFO - Completed evasive_trial31_interval100_seed31582 (563/1050)
2025-07-08 22:07:58,898 - INFO - Completed evasive_trial31_interval10_seed31582 (564/1050)
2025-07-08 22:09:21,463 - INFO - Completed evasive_trial36_interval0_seed36582 (565/1050)
2025-07-08 22:10:29,860 - INFO - Completed evasive_trial33_interval10_seed33582 (566/1050)
2025-07-08 22:10:32,875 - INFO - Completed random_trial44_interval200_seed44690 (567/1050)
2025-07-08 22:10:49,525 - INFO - Completed evasive_trial31_interval25_seed31582 (568/1050)
2025-07-08 22:11:14,247 - INFO - Completed evasive_trial31_interval50_seed31582 (569/1050)
2025-07-08 22:11:54,453 - INFO - Completed evasive_trial18_intervalinf_seed18582 (570/1050)
2025-07-08 22:11:57,775 - INFO - Completed evasive_trial26_interval200_seed26582 (571/1050)
2025-07-08 22:13:34,067 - INFO - Completed evasive_trial37_interval0_seed37582 (572/1050)
2025-07-08 22:15:08,897 - INFO - Completed evasive_trial32_interval10_seed32582 (573/1050)
2025-07-08 22:15:59,541 - INFO - Completed evasive_trial33_interval25_seed33582 (574/1050)
2025-07-08 22:19:00,953 - INFO - Completed evasive_trial30_interval200_seed30582 (575/1050)
2025-07-08 22:19:26,272 - INFO - Completed evasive_trial38_interval0_seed38582 (576/1050)
2025-07-08 22:19:42,682 - INFO - Completed evasive_trial35_interval25_seed35582 (577/1050)
2025-07-08 22:20:45,986 - INFO - Completed evasive_trial34_interval10_seed34582 (578/1050)
2025-07-08 22:20:47,427 - INFO - Completed evasive_trial33_interval100_seed33582 (579/1050)
2025-07-08 22:21:14,972 - INFO - Completed evasive_trial39_interval0_seed39582 (580/1050)
2025-07-08 22:21:46,230 - INFO - Completed evasive_trial34_intervalinf_seed34582 (581/1050)
2025-07-08 22:22:59,046 - INFO - Completed evasive_trial36_interval10_seed36582 (582/1050)
2025-07-08 22:23:17,733 - INFO - Completed evasive_trial33_intervalinf_seed33582 (583/1050)
2025-07-08 22:24:39,678 - INFO - Completed evasive_trial34_interval50_seed34582 (584/1050)
2025-07-08 22:24:40,717 - INFO - Completed evasive_trial33_interval50_seed33582 (585/1050)
2025-07-08 22:25:25,066 - INFO - Completed evasive_trial37_interval10_seed37582 (586/1050)
2025-07-08 22:27:04,237 - INFO - Completed evasive_trial33_interval200_seed33582 (587/1050)
2025-07-08 22:28:09,992 - INFO - Completed evasive_trial34_interval100_seed34582 (588/1050)
2025-07-08 22:28:57,439 - INFO - Completed evasive_trial37_interval25_seed37582 (589/1050)
2025-07-08 22:29:47,999 - INFO - Completed evasive_trial41_interval0_seed41582 (590/1050)
2025-07-08 22:30:07,798 - INFO - Completed evasive_trial35_interval100_seed35582 (591/1050)
2025-07-08 22:30:52,169 - INFO - Completed evasive_trial34_interval200_seed34582 (592/1050)
2025-07-08 22:31:01,790 - INFO - Completed evasive_trial40_interval0_seed40582 (593/1050)
2025-07-08 22:31:02,639 - INFO - Completed evasive_trial35_intervalinf_seed35582 (594/1050)
2025-07-08 22:31:44,324 - INFO - Completed evasive_trial30_interval0_seed30582 (595/1050)
2025-07-08 22:32:07,000 - INFO - Completed evasive_trial38_interval25_seed38582 (596/1050)
2025-07-08 22:32:43,653 - INFO - Completed evasive_trial35_interval10_seed35582 (597/1050)
2025-07-08 22:34:24,945 - INFO - Completed evasive_trial37_intervalinf_seed37582 (598/1050)
2025-07-08 22:35:10,897 - INFO - Completed evasive_trial37_interval100_seed37582 (599/1050)
2025-07-08 22:36:03,561 - INFO - Completed evasive_trial35_interval200_seed35582 (600/1050)
2025-07-08 22:36:03,562 - INFO - Progress: 600/1050 (57.1%), Rate: 0.02 tasks/sec, ETA: 6.2 hours
2025-07-08 22:36:09,016 - INFO - Completed evasive_trial35_interval50_seed35582 (601/1050)
2025-07-08 22:36:37,852 - INFO - Completed evasive_trial42_interval0_seed42582 (602/1050)
2025-07-08 22:37:35,211 - INFO - Completed evasive_trial37_interval50_seed37582 (603/1050)
2025-07-08 22:37:38,597 - INFO - Completed evasive_trial34_interval25_seed34582 (604/1050)
2025-07-08 22:38:21,958 - INFO - Completed evasive_trial39_interval25_seed39582 (605/1050)
2025-07-08 22:39:22,823 - INFO - Completed evasive_trial36_intervalinf_seed36582 (606/1050)
2025-07-08 22:40:41,404 - INFO - Completed evasive_trial36_interval100_seed36582 (607/1050)
2025-07-08 22:40:44,587 - INFO - Completed evasive_trial9_intervalinf_seed9582 (608/1050)
2025-07-08 22:41:05,427 - INFO - Completed evasive_trial38_interval10_seed38582 (609/1050)
2025-07-08 22:41:49,229 - INFO - Completed evasive_trial38_intervalinf_seed38582 (610/1050)
2025-07-08 22:42:13,669 - INFO - Completed evasive_trial36_interval25_seed36582 (611/1050)
2025-07-08 22:42:22,121 - INFO - Completed evasive_trial37_interval200_seed37582 (612/1050)
2025-07-08 22:43:02,834 - INFO - Completed evasive_trial43_interval0_seed43582 (613/1050)
2025-07-08 22:43:29,866 - INFO - Completed evasive_trial36_interval200_seed36582 (614/1050)
2025-07-08 22:45:01,761 - INFO - Completed evasive_trial32_interval100_seed32582 (615/1050)
2025-07-08 22:46:46,321 - INFO - Completed evasive_trial30_interval100_seed30582 (616/1050)
2025-07-08 22:46:56,077 - INFO - Completed evasive_trial39_interval100_seed39582 (617/1050)
2025-07-08 22:49:24,796 - INFO - Completed evasive_trial38_interval50_seed38582 (618/1050)
2025-07-08 22:51:29,593 - INFO - Completed evasive_trial40_interval50_seed40582 (619/1050)
2025-07-08 22:51:39,031 - INFO - Completed evasive_trial40_interval200_seed40582 (620/1050)
2025-07-08 22:53:28,628 - INFO - Completed evasive_trial42_interval10_seed42582 (621/1050)
2025-07-08 22:53:53,462 - INFO - Completed evasive_trial41_interval10_seed41582 (622/1050)
2025-07-08 22:54:02,764 - INFO - Completed evasive_trial40_interval100_seed40582 (623/1050)
2025-07-08 22:54:15,408 - INFO - Completed evasive_trial45_interval0_seed45582 (624/1050)
2025-07-08 22:54:29,386 - INFO - Completed evasive_trial39_interval50_seed39582 (625/1050)
2025-07-08 22:56:42,901 - INFO - Completed evasive_trial40_interval25_seed40582 (626/1050)
2025-07-08 22:57:30,980 - INFO - Completed evasive_trial46_interval0_seed46582 (627/1050)
2025-07-08 22:57:34,418 - INFO - Completed evasive_trial39_intervalinf_seed39582 (628/1050)
2025-07-08 22:58:42,153 - INFO - Completed evasive_trial40_intervalinf_seed40582 (629/1050)
2025-07-08 22:58:50,726 - INFO - Completed evasive_trial39_interval200_seed39582 (630/1050)
2025-07-08 23:01:33,620 - INFO - Completed evasive_trial43_interval10_seed43582 (631/1050)
2025-07-08 23:02:45,452 - INFO - Completed evasive_trial42_interval25_seed42582 (632/1050)
2025-07-08 23:05:16,814 - INFO - Completed evasive_trial43_interval200_seed43582 (633/1050)
2025-07-08 23:05:20,457 - INFO - Completed evasive_trial41_intervalinf_seed41582 (634/1050)
2025-07-08 23:05:33,558 - INFO - Completed evasive_trial41_interval100_seed41582 (635/1050)
2025-07-08 23:05:50,682 - INFO - Completed evasive_trial43_interval25_seed43582 (636/1050)
2025-07-08 23:06:03,061 - INFO - Completed evasive_trial43_interval50_seed43582 (637/1050)
2025-07-08 23:06:21,487 - INFO - Completed evasive_trial47_interval0_seed47582 (638/1050)
2025-07-08 23:06:45,118 - INFO - Completed evasive_trial41_interval25_seed41582 (639/1050)
2025-07-08 23:06:47,713 - INFO - Completed evasive_trial42_intervalinf_seed42582 (640/1050)
2025-07-08 23:06:54,214 - INFO - Completed evasive_trial44_interval25_seed44582 (641/1050)
2025-07-08 23:07:10,833 - INFO - Completed evasive_trial41_interval50_seed41582 (642/1050)
2025-07-08 23:07:44,170 - INFO - Completed evasive_trial42_interval200_seed42582 (643/1050)
2025-07-08 23:09:49,994 - INFO - Completed evasive_trial44_interval200_seed44582 (644/1050)
2025-07-08 23:09:59,542 - INFO - Completed evasive_trial42_interval100_seed42582 (645/1050)
2025-07-08 23:11:27,943 - INFO - Completed evasive_trial48_interval0_seed48582 (646/1050)
2025-07-08 23:11:33,002 - INFO - Completed evasive_trial43_intervalinf_seed43582 (647/1050)
2025-07-08 23:12:32,073 - INFO - Completed evasive_trial44_intervalinf_seed44582 (648/1050)
2025-07-08 23:12:53,788 - INFO - Completed evasive_trial44_interval50_seed44582 (649/1050)
2025-07-08 23:12:56,380 - INFO - Completed evasive_trial45_interval50_seed45582 (650/1050)
2025-07-08 23:12:56,381 - INFO - Progress: 650/1050 (61.9%), Rate: 0.02 tasks/sec, ETA: 5.4 hours
2025-07-08 23:14:04,737 - INFO - Completed evasive_trial49_interval0_seed49582 (651/1050)
2025-07-08 23:14:49,570 - INFO - Completed evasive_trial41_interval200_seed41582 (652/1050)
2025-07-08 23:15:03,354 - INFO - Completed evasive_trial44_interval10_seed44582 (653/1050)
2025-07-08 23:18:21,568 - INFO - Completed evasive_trial21_interval25_seed21582 (654/1050)
2025-07-08 23:18:27,264 - INFO - Completed evasive_trial46_interval100_seed46582 (655/1050)
2025-07-08 23:18:46,453 - INFO - Completed evasive_trial45_interval25_seed45582 (656/1050)
2025-07-08 23:19:06,042 - INFO - Completed evasive_trial36_interval50_seed36582 (657/1050)
2025-07-08 23:20:39,584 - INFO - Completed patrol_trial0_interval0_seed311 (658/1050)
2025-07-08 23:22:11,342 - INFO - Completed evasive_trial46_interval50_seed46582 (659/1050)
2025-07-08 23:23:04,264 - INFO - Completed evasive_trial46_interval200_seed46582 (660/1050)
2025-07-08 23:23:33,298 - INFO - Completed evasive_trial44_interval100_seed44582 (661/1050)
2025-07-08 23:24:05,547 - INFO - Completed evasive_trial45_interval100_seed45582 (662/1050)
2025-07-08 23:24:10,197 - INFO - Completed evasive_trial47_interval100_seed47582 (663/1050)
2025-07-08 23:24:19,562 - INFO - Completed evasive_trial45_interval10_seed45582 (664/1050)
2025-07-08 23:24:23,017 - INFO - Completed evasive_trial47_interval50_seed47582 (665/1050)
2025-07-08 23:24:26,694 - INFO - Completed evasive_trial48_interval10_seed48582 (666/1050)
2025-07-08 23:25:14,650 - INFO - Completed evasive_trial46_interval10_seed46582 (667/1050)
2025-07-08 23:26:27,986 - INFO - Completed evasive_trial42_interval50_seed42582 (668/1050)
2025-07-08 23:26:52,259 - INFO - Completed patrol_trial1_interval0_seed1311 (669/1050)
2025-07-08 23:27:06,246 - INFO - Completed evasive_trial47_interval200_seed47582 (670/1050)
2025-07-08 23:27:54,268 - INFO - Completed evasive_trial43_interval100_seed43582 (671/1050)
2025-07-08 23:31:57,319 - INFO - Completed patrol_trial3_interval0_seed3311 (672/1050)
2025-07-08 23:31:58,630 - INFO - Completed evasive_trial46_intervalinf_seed46582 (673/1050)
2025-07-08 23:32:03,338 - INFO - Completed evasive_trial48_interval200_seed48582 (674/1050)
2025-07-08 23:32:45,911 - INFO - Completed patrol_trial2_interval0_seed2311 (675/1050)
2025-07-08 23:33:59,799 - INFO - Completed evasive_trial46_interval25_seed46582 (676/1050)
2025-07-08 23:34:08,810 - INFO - Completed patrol_trial0_interval50_seed311 (677/1050)
2025-07-08 23:35:37,145 - INFO - Completed evasive_trial47_interval25_seed47582 (678/1050)
2025-07-08 23:35:45,404 - INFO - Completed evasive_trial48_interval25_seed48582 (679/1050)
2025-07-08 23:38:06,054 - INFO - Completed evasive_trial47_interval10_seed47582 (680/1050)
2025-07-08 23:38:55,605 - INFO - Completed evasive_trial48_intervalinf_seed48582 (681/1050)
2025-07-08 23:39:51,901 - INFO - Completed evasive_trial49_interval200_seed49582 (682/1050)
2025-07-08 23:43:19,826 - INFO - Completed patrol_trial2_interval10_seed2311 (683/1050)
2025-07-08 23:44:17,006 - INFO - Completed patrol_trial5_interval0_seed5311 (684/1050)
2025-07-08 23:44:25,710 - INFO - Completed evasive_trial47_intervalinf_seed47582 (685/1050)
2025-07-08 23:44:43,335 - INFO - Completed patrol_trial4_interval0_seed4311 (686/1050)
2025-07-08 23:44:46,286 - INFO - Completed evasive_trial48_interval50_seed48582 (687/1050)
2025-07-08 23:45:25,634 - INFO - Completed patrol_trial0_interval25_seed311 (688/1050)
2025-07-08 23:47:14,878 - INFO - Completed evasive_trial49_interval10_seed49582 (689/1050)
2025-07-08 23:47:22,513 - INFO - Completed patrol_trial0_interval100_seed311 (690/1050)
2025-07-08 23:47:32,316 - INFO - Completed evasive_trial49_interval100_seed49582 (691/1050)
2025-07-08 23:47:34,827 - INFO - Completed evasive_trial49_interval50_seed49582 (692/1050)
2025-07-08 23:48:40,006 - INFO - Completed patrol_trial1_intervalinf_seed1311 (693/1050)
2025-07-08 23:48:43,921 - INFO - Completed patrol_trial0_interval200_seed311 (694/1050)
2025-07-08 23:49:20,063 - INFO - Completed patrol_trial6_interval0_seed6311 (695/1050)
2025-07-08 23:49:28,166 - INFO - Completed patrol_trial2_interval100_seed2311 (696/1050)
2025-07-08 23:51:59,675 - INFO - Completed patrol_trial1_interval100_seed1311 (697/1050)
2025-07-08 23:52:10,805 - INFO - Completed patrol_trial0_intervalinf_seed311 (698/1050)
2025-07-08 23:53:09,720 - INFO - Completed evasive_trial49_interval25_seed49582 (699/1050)
2025-07-08 23:53:38,918 - INFO - Completed patrol_trial1_interval50_seed1311 (700/1050)
2025-07-08 23:53:38,918 - INFO - Progress: 700/1050 (66.7%), Rate: 0.02 tasks/sec, ETA: 4.8 hours
2025-07-08 23:54:03,415 - INFO - Completed patrol_trial2_interval25_seed2311 (701/1050)
2025-07-08 23:54:53,121 - INFO - Completed evasive_trial49_intervalinf_seed49582 (702/1050)
2025-07-08 23:55:08,465 - INFO - Completed evasive_trial45_interval200_seed45582 (703/1050)
2025-07-08 23:56:09,533 - INFO - Completed patrol_trial5_interval10_seed5311 (704/1050)
2025-07-08 23:56:29,843 - INFO - Completed patrol_trial7_interval0_seed7311 (705/1050)
2025-07-08 23:57:10,335 - INFO - Completed patrol_trial3_intervalinf_seed3311 (706/1050)
2025-07-08 23:57:45,211 - INFO - Completed patrol_trial8_interval0_seed8311 (707/1050)
2025-07-08 23:57:47,698 - INFO - Completed patrol_trial1_interval200_seed1311 (708/1050)
2025-07-08 23:59:13,912 - INFO - Completed patrol_trial1_interval25_seed1311 (709/1050)
2025-07-08 23:59:23,730 - INFO - Completed patrol_trial2_interval50_seed2311 (710/1050)
2025-07-09 00:00:08,498 - INFO - Completed patrol_trial1_interval10_seed1311 (711/1050)
2025-07-09 00:01:19,209 - INFO - Completed patrol_trial2_interval200_seed2311 (712/1050)
2025-07-09 00:01:20,452 - INFO - Completed evasive_trial44_interval0_seed44582 (713/1050)
2025-07-09 00:01:46,642 - INFO - Completed evasive_trial40_interval10_seed40582 (714/1050)
2025-07-09 00:02:52,742 - INFO - Completed random_trial49_interval50_seed49690 (715/1050)
2025-07-09 00:03:57,871 - INFO - Completed patrol_trial3_interval200_seed3311 (716/1050)
2025-07-09 00:05:30,906 - INFO - Completed patrol_trial4_interval10_seed4311 (717/1050)
2025-07-09 00:05:31,789 - INFO - Completed patrol_trial6_interval25_seed6311 (718/1050)
2025-07-09 00:05:57,933 - INFO - Completed patrol_trial3_interval100_seed3311 (719/1050)
2025-07-09 00:07:26,053 - INFO - Completed patrol_trial3_interval25_seed3311 (720/1050)
2025-07-09 00:08:10,361 - INFO - Completed patrol_trial0_interval10_seed311 (721/1050)
2025-07-09 00:09:11,086 - INFO - Completed patrol_trial9_interval0_seed9311 (722/1050)
2025-07-09 00:09:13,132 - INFO - Completed patrol_trial3_interval10_seed3311 (723/1050)
2025-07-09 00:09:40,782 - INFO - Completed patrol_trial4_interval200_seed4311 (724/1050)
2025-07-09 00:09:46,418 - INFO - Completed patrol_trial4_interval25_seed4311 (725/1050)
2025-07-09 00:09:52,823 - INFO - Completed patrol_trial10_interval0_seed10311 (726/1050)
2025-07-09 00:10:38,407 - INFO - Completed patrol_trial4_interval100_seed4311 (727/1050)
2025-07-09 00:11:05,928 - INFO - Completed patrol_trial5_interval200_seed5311 (728/1050)
2025-07-09 00:14:24,456 - INFO - Completed patrol_trial3_interval50_seed3311 (729/1050)
2025-07-09 00:14:47,165 - INFO - Completed patrol_trial5_interval50_seed5311 (730/1050)
2025-07-09 00:15:16,426 - INFO - Completed patrol_trial5_interval25_seed5311 (731/1050)
2025-07-09 00:16:02,003 - INFO - Completed patrol_trial7_interval25_seed7311 (732/1050)
2025-07-09 00:16:29,109 - INFO - Completed patrol_trial4_intervalinf_seed4311 (733/1050)
2025-07-09 00:17:50,800 - INFO - Completed patrol_trial11_interval0_seed11311 (734/1050)
2025-07-09 00:19:05,946 - INFO - Completed patrol_trial6_interval50_seed6311 (735/1050)
2025-07-09 00:19:43,658 - INFO - Completed patrol_trial5_intervalinf_seed5311 (736/1050)
2025-07-09 00:19:50,294 - INFO - Completed patrol_trial5_interval100_seed5311 (737/1050)
2025-07-09 00:20:25,946 - INFO - Completed patrol_trial7_interval10_seed7311 (738/1050)
2025-07-09 00:20:54,961 - INFO - Completed patrol_trial6_interval10_seed6311 (739/1050)
2025-07-09 00:22:52,350 - INFO - Completed patrol_trial8_interval10_seed8311 (740/1050)
2025-07-09 00:23:32,066 - INFO - Completed patrol_trial7_intervalinf_seed7311 (741/1050)
2025-07-09 00:23:34,582 - INFO - Completed patrol_trial13_interval0_seed13311 (742/1050)
2025-07-09 00:26:27,374 - INFO - Completed patrol_trial6_interval100_seed6311 (743/1050)
2025-07-09 00:26:40,045 - INFO - Completed patrol_trial6_interval200_seed6311 (744/1050)
2025-07-09 00:27:27,421 - INFO - Completed patrol_trial8_interval50_seed8311 (745/1050)
2025-07-09 00:28:02,196 - INFO - Completed patrol_trial7_interval50_seed7311 (746/1050)
2025-07-09 00:28:18,332 - INFO - Completed patrol_trial10_interval10_seed10311 (747/1050)
2025-07-09 00:29:03,877 - INFO - Completed patrol_trial8_interval200_seed8311 (748/1050)
2025-07-09 00:29:17,173 - INFO - Completed patrol_trial8_intervalinf_seed8311 (749/1050)
2025-07-09 00:30:45,155 - INFO - Completed patrol_trial8_interval25_seed8311 (750/1050)
2025-07-09 00:30:45,157 - INFO - Progress: 750/1050 (71.4%), Rate: 0.02 tasks/sec, ETA: 4.1 hours
2025-07-09 00:31:38,738 - INFO - Completed patrol_trial9_interval10_seed9311 (751/1050)
2025-07-09 00:35:06,719 - INFO - Completed patrol_trial7_interval100_seed7311 (752/1050)
2025-07-09 00:35:19,488 - INFO - Completed patrol_trial14_interval0_seed14311 (753/1050)
2025-07-09 00:35:40,466 - INFO - Completed patrol_trial9_interval100_seed9311 (754/1050)
2025-07-09 00:36:13,800 - INFO - Completed patrol_trial15_interval0_seed15311 (755/1050)
2025-07-09 00:37:41,926 - INFO - Completed patrol_trial10_interval25_seed10311 (756/1050)
2025-07-09 00:38:58,813 - INFO - Completed patrol_trial10_interval50_seed10311 (757/1050)
2025-07-09 00:39:00,096 - INFO - Completed patrol_trial8_interval100_seed8311 (758/1050)
2025-07-09 00:39:13,351 - INFO - Completed patrol_trial11_interval100_seed11311 (759/1050)
2025-07-09 00:39:17,604 - INFO - Completed patrol_trial11_interval10_seed11311 (760/1050)
2025-07-09 00:39:30,541 - INFO - Completed patrol_trial12_interval50_seed12311 (761/1050)
2025-07-09 00:41:50,149 - INFO - Completed patrol_trial9_interval50_seed9311 (762/1050)
2025-07-09 00:42:04,219 - INFO - Completed evasive_trial48_interval100_seed48582 (763/1050)
2025-07-09 00:42:09,788 - INFO - Completed patrol_trial10_interval100_seed10311 (764/1050)
2025-07-09 00:42:10,299 - INFO - Completed patrol_trial9_interval200_seed9311 (765/1050)
2025-07-09 00:42:20,981 - INFO - Completed patrol_trial11_interval50_seed11311 (766/1050)
2025-07-09 00:42:47,568 - INFO - Completed patrol_trial12_interval200_seed12311 (767/1050)
2025-07-09 00:43:06,237 - INFO - Completed patrol_trial9_interval25_seed9311 (768/1050)
2025-07-09 00:43:19,830 - INFO - Completed patrol_trial16_interval0_seed16311 (769/1050)
2025-07-09 00:44:11,306 - INFO - Completed patrol_trial11_interval25_seed11311 (770/1050)
2025-07-09 00:44:47,706 - INFO - Completed evasive_trial5_interval10_seed5582 (771/1050)
2025-07-09 00:44:52,673 - INFO - Completed patrol_trial12_interval100_seed12311 (772/1050)
2025-07-09 00:45:37,242 - INFO - Completed patrol_trial12_interval10_seed12311 (773/1050)
2025-07-09 00:46:20,544 - INFO - Completed patrol_trial10_interval200_seed10311 (774/1050)
2025-07-09 00:46:34,320 - INFO - Completed patrol_trial11_interval200_seed11311 (775/1050)
2025-07-09 00:46:37,229 - INFO - Completed patrol_trial9_intervalinf_seed9311 (776/1050)
2025-07-09 00:48:45,477 - INFO - Completed patrol_trial12_intervalinf_seed12311 (777/1050)
2025-07-09 00:48:59,871 - INFO - Completed patrol_trial12_interval0_seed12311 (778/1050)
2025-07-09 00:49:42,860 - INFO - Completed patrol_trial12_interval25_seed12311 (779/1050)
2025-07-09 00:50:01,536 - INFO - Completed patrol_trial17_interval0_seed17311 (780/1050)
2025-07-09 00:50:51,964 - INFO - Completed patrol_trial13_interval100_seed13311 (781/1050)
2025-07-09 00:52:03,954 - INFO - Completed patrol_trial11_intervalinf_seed11311 (782/1050)
2025-07-09 00:52:41,069 - INFO - Completed patrol_trial13_interval10_seed13311 (783/1050)
2025-07-09 00:53:37,424 - INFO - Completed evasive_trial45_intervalinf_seed45582 (784/1050)
2025-07-09 00:53:47,248 - INFO - Completed patrol_trial14_interval100_seed14311 (785/1050)
2025-07-09 00:54:34,341 - INFO - Completed patrol_trial13_interval50_seed13311 (786/1050)
2025-07-09 00:55:17,724 - INFO - Completed patrol_trial19_interval0_seed19311 (787/1050)
2025-07-09 01:01:34,701 - INFO - Completed patrol_trial20_interval0_seed20311 (788/1050)
2025-07-09 01:02:02,940 - INFO - Completed patrol_trial13_interval200_seed13311 (789/1050)
2025-07-09 01:03:32,076 - INFO - Completed patrol_trial13_interval25_seed13311 (790/1050)
2025-07-09 01:03:44,105 - INFO - Completed patrol_trial14_interval10_seed14311 (791/1050)
2025-07-09 01:04:20,724 - INFO - Completed patrol_trial14_interval50_seed14311 (792/1050)
2025-07-09 01:05:27,001 - INFO - Completed patrol_trial16_interval25_seed16311 (793/1050)
2025-07-09 01:05:48,219 - INFO - Completed patrol_trial18_interval0_seed18311 (794/1050)
2025-07-09 01:06:04,972 - INFO - Completed patrol_trial15_intervalinf_seed15311 (795/1050)
2025-07-09 01:06:12,946 - INFO - Completed evasive_trial28_intervalinf_seed28582 (796/1050)
2025-07-09 01:06:27,541 - INFO - Completed patrol_trial15_interval100_seed15311 (797/1050)
2025-07-09 01:06:31,204 - INFO - Completed patrol_trial14_intervalinf_seed14311 (798/1050)
2025-07-09 01:06:54,425 - INFO - Completed patrol_trial15_interval50_seed15311 (799/1050)
2025-07-09 01:08:26,243 - INFO - Completed patrol_trial15_interval25_seed15311 (800/1050)
2025-07-09 01:08:26,245 - INFO - Progress: 800/1050 (76.2%), Rate: 0.02 tasks/sec, ETA: 3.4 hours
2025-07-09 01:09:32,414 - INFO - Completed patrol_trial16_interval10_seed16311 (801/1050)
2025-07-09 01:09:44,133 - INFO - Completed patrol_trial14_interval200_seed14311 (802/1050)
2025-07-09 01:11:54,028 - INFO - Completed patrol_trial16_interval200_seed16311 (803/1050)
2025-07-09 01:11:58,356 - INFO - Completed patrol_trial15_interval200_seed15311 (804/1050)
2025-07-09 01:12:13,612 - INFO - Completed patrol_trial21_interval0_seed21311 (805/1050)
2025-07-09 01:12:16,665 - INFO - Completed evasive_trial24_interval50_seed24582 (806/1050)
2025-07-09 01:13:55,015 - INFO - Completed patrol_trial16_interval100_seed16311 (807/1050)
2025-07-09 01:14:43,341 - INFO - Completed patrol_trial17_interval200_seed17311 (808/1050)
2025-07-09 01:14:46,070 - INFO - Completed patrol_trial17_intervalinf_seed17311 (809/1050)
2025-07-09 01:14:55,666 - INFO - Completed patrol_trial16_intervalinf_seed16311 (810/1050)
2025-07-09 01:15:02,890 - INFO - Completed patrol_trial18_interval25_seed18311 (811/1050)
2025-07-09 01:16:08,652 - INFO - Completed patrol_trial18_interval10_seed18311 (812/1050)
2025-07-09 01:17:15,717 - INFO - Completed patrol_trial6_intervalinf_seed6311 (813/1050)
2025-07-09 01:18:01,028 - INFO - Completed patrol_trial19_interval50_seed19311 (814/1050)
2025-07-09 01:19:18,882 - INFO - Completed patrol_trial20_interval25_seed20311 (815/1050)
2025-07-09 01:21:03,341 - INFO - Completed patrol_trial17_interval50_seed17311 (816/1050)
2025-07-09 01:21:25,216 - INFO - Completed patrol_trial24_interval0_seed24311 (817/1050)
2025-07-09 01:21:44,063 - INFO - Completed patrol_trial18_interval200_seed18311 (818/1050)
2025-07-09 01:21:53,913 - INFO - Completed patrol_trial7_interval200_seed7311 (819/1050)
2025-07-09 01:22:12,820 - INFO - Completed patrol_trial21_interval10_seed21311 (820/1050)
2025-07-09 01:23:14,218 - INFO - Completed patrol_trial23_interval0_seed23311 (821/1050)
2025-07-09 01:23:14,432 - INFO - Completed patrol_trial20_interval50_seed20311 (822/1050)
2025-07-09 01:23:33,941 - INFO - Completed patrol_trial18_interval100_seed18311 (823/1050)
2025-07-09 01:24:08,200 - INFO - Completed patrol_trial20_interval100_seed20311 (824/1050)
2025-07-09 01:25:23,175 - INFO - Completed patrol_trial22_interval0_seed22311 (825/1050)
2025-07-09 01:26:20,210 - INFO - Completed patrol_trial16_interval50_seed16311 (826/1050)
2025-07-09 01:26:35,370 - INFO - Completed patrol_trial18_interval50_seed18311 (827/1050)
2025-07-09 01:27:09,433 - INFO - Completed patrol_trial19_intervalinf_seed19311 (828/1050)
2025-07-09 01:27:35,462 - INFO - Completed patrol_trial25_interval0_seed25311 (829/1050)
2025-07-09 01:28:22,743 - INFO - Completed patrol_trial18_intervalinf_seed18311 (830/1050)
2025-07-09 01:28:39,315 - INFO - Completed patrol_trial19_interval200_seed19311 (831/1050)
2025-07-09 01:29:56,002 - INFO - Completed patrol_trial20_interval200_seed20311 (832/1050)
2025-07-09 01:30:38,542 - INFO - Completed patrol_trial20_intervalinf_seed20311 (833/1050)
2025-07-09 01:31:05,266 - INFO - Completed patrol_trial22_interval25_seed22311 (834/1050)
2025-07-09 01:31:23,757 - INFO - Completed patrol_trial22_interval100_seed22311 (835/1050)
2025-07-09 01:32:23,829 - INFO - Completed patrol_trial19_interval100_seed19311 (836/1050)
2025-07-09 01:34:18,131 - INFO - Completed patrol_trial19_interval25_seed19311 (837/1050)
2025-07-09 01:34:33,380 - INFO - Completed patrol_trial22_interval10_seed22311 (838/1050)
2025-07-09 01:34:33,559 - INFO - Completed patrol_trial23_interval25_seed23311 (839/1050)
2025-07-09 01:35:32,938 - INFO - Completed patrol_trial21_interval25_seed21311 (840/1050)
2025-07-09 01:36:45,870 - INFO - Completed patrol_trial20_interval10_seed20311 (841/1050)
2025-07-09 01:37:07,259 - INFO - Completed patrol_trial26_interval0_seed26311 (842/1050)
2025-07-09 01:37:42,248 - INFO - Completed patrol_trial22_intervalinf_seed22311 (843/1050)
2025-07-09 01:40:44,617 - INFO - Completed patrol_trial24_interval100_seed24311 (844/1050)
2025-07-09 01:41:11,759 - INFO - Completed evasive_trial38_interval200_seed38582 (845/1050)
2025-07-09 01:42:30,237 - INFO - Completed patrol_trial21_interval200_seed21311 (846/1050)
2025-07-09 01:43:05,210 - INFO - Completed evasive_trial14_interval25_seed14582 (847/1050)
2025-07-09 01:43:53,590 - INFO - Completed patrol_trial27_interval0_seed27311 (848/1050)
2025-07-09 01:44:27,837 - INFO - Completed patrol_trial28_interval0_seed28311 (849/1050)
2025-07-09 01:44:29,214 - INFO - Completed patrol_trial25_interval10_seed25311 (850/1050)
2025-07-09 01:44:29,214 - INFO - Progress: 850/1050 (81.0%), Rate: 0.02 tasks/sec, ETA: 2.7 hours
2025-07-09 01:46:11,688 - INFO - Completed patrol_trial25_interval50_seed25311 (851/1050)
2025-07-09 01:46:42,209 - INFO - Completed patrol_trial23_interval50_seed23311 (852/1050)
2025-07-09 01:46:48,178 - INFO - Completed evasive_trial17_interval50_seed17582 (853/1050)
2025-07-09 01:47:10,004 - INFO - Completed patrol_trial21_intervalinf_seed21311 (854/1050)
2025-07-09 01:47:13,437 - INFO - Completed patrol_trial24_intervalinf_seed24311 (855/1050)
2025-07-09 01:48:45,860 - INFO - Completed patrol_trial29_interval0_seed29311 (856/1050)
2025-07-09 01:49:50,108 - INFO - Completed patrol_trial21_interval100_seed21311 (857/1050)
2025-07-09 01:52:29,410 - INFO - Completed patrol_trial22_interval200_seed22311 (858/1050)
2025-07-09 01:53:18,826 - INFO - Completed patrol_trial26_interval10_seed26311 (859/1050)
2025-07-09 01:53:54,528 - INFO - Completed patrol_trial24_interval50_seed24311 (860/1050)
2025-07-09 01:54:18,769 - INFO - Completed patrol_trial23_intervalinf_seed23311 (861/1050)
2025-07-09 01:56:37,174 - INFO - Completed patrol_trial24_interval200_seed24311 (862/1050)
2025-07-09 01:57:31,702 - INFO - Completed patrol_trial23_interval200_seed23311 (863/1050)
2025-07-09 01:58:02,870 - INFO - Completed patrol_trial26_interval50_seed26311 (864/1050)
2025-07-09 02:00:01,692 - INFO - Completed patrol_trial27_interval10_seed27311 (865/1050)
2025-07-09 02:00:04,617 - INFO - Completed patrol_trial25_interval25_seed25311 (866/1050)
2025-07-09 02:00:26,075 - INFO - Completed patrol_trial24_interval25_seed24311 (867/1050)
2025-07-09 02:00:46,914 - INFO - Completed patrol_trial30_interval0_seed30311 (868/1050)
2025-07-09 02:01:53,376 - INFO - Completed patrol_trial27_interval100_seed27311 (869/1050)
2025-07-09 02:02:10,427 - INFO - Completed patrol_trial28_interval10_seed28311 (870/1050)
2025-07-09 02:02:43,714 - INFO - Completed patrol_trial27_intervalinf_seed27311 (871/1050)
2025-07-09 02:03:10,786 - INFO - Completed patrol_trial25_intervalinf_seed25311 (872/1050)
2025-07-09 02:03:16,582 - INFO - Completed patrol_trial31_interval0_seed31311 (873/1050)
2025-07-09 02:04:15,066 - INFO - Completed patrol_trial26_interval100_seed26311 (874/1050)
2025-07-09 02:04:34,509 - INFO - Completed patrol_trial26_interval200_seed26311 (875/1050)
2025-07-09 02:04:44,918 - INFO - Completed patrol_trial27_interval200_seed27311 (876/1050)
2025-07-09 02:04:51,866 - INFO - Completed patrol_trial24_interval10_seed24311 (877/1050)
2025-07-09 02:05:34,179 - INFO - Completed patrol_trial32_interval0_seed32311 (878/1050)
2025-07-09 02:06:29,045 - INFO - Completed patrol_trial28_interval100_seed28311 (879/1050)
2025-07-09 02:07:26,653 - INFO - Completed patrol_trial28_interval200_seed28311 (880/1050)
2025-07-09 02:08:12,745 - INFO - Completed patrol_trial28_intervalinf_seed28311 (881/1050)
2025-07-09 02:08:16,415 - INFO - Completed patrol_trial27_interval50_seed27311 (882/1050)
2025-07-09 02:09:08,241 - INFO - Completed patrol_trial27_interval25_seed27311 (883/1050)
2025-07-09 02:09:13,285 - INFO - Completed patrol_trial25_interval100_seed25311 (884/1050)
2025-07-09 02:10:53,538 - INFO - Completed patrol_trial28_interval50_seed28311 (885/1050)
2025-07-09 02:11:21,362 - INFO - Completed patrol_trial30_interval10_seed30311 (886/1050)
2025-07-09 02:11:25,496 - INFO - Completed patrol_trial29_interval100_seed29311 (887/1050)
2025-07-09 02:12:23,625 - INFO - Completed patrol_trial29_interval10_seed29311 (888/1050)
2025-07-09 02:12:48,292 - INFO - Completed patrol_trial26_interval25_seed26311 (889/1050)
2025-07-09 02:14:58,462 - INFO - Completed patrol_trial30_interval100_seed30311 (890/1050)
2025-07-09 02:16:03,145 - INFO - Completed patrol_trial29_interval200_seed29311 (891/1050)
2025-07-09 02:18:19,664 - INFO - Completed patrol_trial34_interval0_seed34311 (892/1050)
2025-07-09 02:18:26,985 - INFO - Completed patrol_trial29_interval50_seed29311 (893/1050)
2025-07-09 02:18:31,775 - INFO - Completed patrol_trial33_interval0_seed33311 (894/1050)
2025-07-09 02:20:23,360 - INFO - Completed patrol_trial26_intervalinf_seed26311 (895/1050)
2025-07-09 02:20:49,019 - INFO - Completed patrol_trial30_interval25_seed30311 (896/1050)
2025-07-09 02:21:11,964 - INFO - Completed patrol_trial30_interval200_seed30311 (897/1050)
2025-07-09 02:21:22,494 - INFO - Completed patrol_trial31_interval10_seed31311 (898/1050)
2025-07-09 02:21:53,678 - INFO - Completed patrol_trial31_interval25_seed31311 (899/1050)
2025-07-09 02:21:57,104 - INFO - Completed patrol_trial35_interval0_seed35311 (900/1050)
2025-07-09 02:21:57,104 - INFO - Progress: 900/1050 (85.7%), Rate: 0.02 tasks/sec, ETA: 2.0 hours
2025-07-09 02:21:58,629 - INFO - Completed patrol_trial30_interval50_seed30311 (901/1050)
2025-07-09 02:22:35,333 - INFO - Completed patrol_trial30_intervalinf_seed30311 (902/1050)
2025-07-09 02:24:52,048 - INFO - Completed patrol_trial36_interval0_seed36311 (903/1050)
2025-07-09 02:27:44,810 - INFO - Completed patrol_trial31_interval200_seed31311 (904/1050)
2025-07-09 02:29:36,469 - INFO - Completed patrol_trial32_interval10_seed32311 (905/1050)
2025-07-09 02:29:41,469 - INFO - Completed patrol_trial33_interval25_seed33311 (906/1050)
2025-07-09 02:29:46,478 - INFO - Completed patrol_trial34_interval10_seed34311 (907/1050)
2025-07-09 02:29:56,633 - INFO - Completed patrol_trial29_intervalinf_seed29311 (908/1050)
2025-07-09 02:31:35,734 - INFO - Completed patrol_trial31_interval50_seed31311 (909/1050)
2025-07-09 02:31:36,233 - INFO - Completed patrol_trial29_interval25_seed29311 (910/1050)
2025-07-09 02:32:18,481 - INFO - Completed patrol_trial4_interval50_seed4311 (911/1050)
2025-07-09 02:35:11,714 - INFO - Completed patrol_trial32_intervalinf_seed32311 (912/1050)
2025-07-09 02:36:44,241 - INFO - Completed patrol_trial33_interval50_seed33311 (913/1050)
2025-07-09 02:38:45,622 - INFO - Completed patrol_trial37_interval0_seed37311 (914/1050)
2025-07-09 02:38:54,089 - INFO - Completed patrol_trial32_interval100_seed32311 (915/1050)
2025-07-09 02:39:09,087 - INFO - Completed patrol_trial25_interval200_seed25311 (916/1050)
2025-07-09 02:39:33,821 - INFO - Completed patrol_trial23_interval100_seed23311 (917/1050)
2025-07-09 02:40:33,533 - INFO - Completed patrol_trial34_interval100_seed34311 (918/1050)
2025-07-09 02:40:44,231 - INFO - Completed patrol_trial32_interval200_seed32311 (919/1050)
2025-07-09 02:40:54,549 - INFO - Completed patrol_trial31_interval100_seed31311 (920/1050)
2025-07-09 02:41:02,223 - INFO - Completed patrol_trial33_interval100_seed33311 (921/1050)
2025-07-09 02:41:20,974 - INFO - Completed patrol_trial35_interval10_seed35311 (922/1050)
2025-07-09 02:42:58,641 - INFO - Completed patrol_trial38_interval0_seed38311 (923/1050)
2025-07-09 02:43:47,466 - INFO - Completed patrol_trial35_interval50_seed35311 (924/1050)
2025-07-09 02:44:08,425 - INFO - Completed patrol_trial36_interval10_seed36311 (925/1050)
2025-07-09 02:44:32,308 - INFO - Completed patrol_trial17_interval100_seed17311 (926/1050)
2025-07-09 02:44:45,313 - INFO - Completed patrol_trial10_intervalinf_seed10311 (927/1050)
2025-07-09 02:44:50,369 - INFO - Completed patrol_trial33_intervalinf_seed33311 (928/1050)
2025-07-09 02:45:06,069 - INFO - Completed patrol_trial34_intervalinf_seed34311 (929/1050)
2025-07-09 02:45:07,884 - INFO - Completed patrol_trial39_interval0_seed39311 (930/1050)
2025-07-09 02:45:44,718 - INFO - Completed patrol_trial35_interval25_seed35311 (931/1050)
2025-07-09 02:45:53,039 - INFO - Completed patrol_trial32_interval25_seed32311 (932/1050)
2025-07-09 02:46:11,697 - INFO - Completed patrol_trial32_interval50_seed32311 (933/1050)
2025-07-09 02:46:52,456 - INFO - Completed patrol_trial33_interval200_seed33311 (934/1050)
2025-07-09 02:46:52,624 - INFO - Completed patrol_trial35_interval200_seed35311 (935/1050)
2025-07-09 02:47:52,893 - INFO - Completed evasive_trial38_interval100_seed38582 (936/1050)
2025-07-09 02:48:05,121 - INFO - Completed patrol_trial31_intervalinf_seed31311 (937/1050)
2025-07-09 02:50:43,965 - INFO - Completed patrol_trial38_interval25_seed38311 (938/1050)
2025-07-09 02:51:44,650 - INFO - Completed patrol_trial35_interval100_seed35311 (939/1050)
2025-07-09 02:52:10,969 - INFO - Completed patrol_trial34_interval200_seed34311 (940/1050)
2025-07-09 02:53:01,925 - INFO - Completed patrol_trial34_interval50_seed34311 (941/1050)
2025-07-09 02:53:42,542 - INFO - Completed patrol_trial36_interval100_seed36311 (942/1050)
2025-07-09 02:54:47,959 - INFO - Completed patrol_trial40_interval0_seed40311 (943/1050)
2025-07-09 02:55:44,118 - INFO - Completed patrol_trial42_interval0_seed42311 (944/1050)
2025-07-09 02:55:44,894 - INFO - Completed patrol_trial33_interval10_seed33311 (945/1050)
2025-07-09 02:55:58,513 - INFO - Completed patrol_trial36_interval25_seed36311 (946/1050)
2025-07-09 02:56:57,074 - INFO - Completed evasive_trial39_interval10_seed39582 (947/1050)
2025-07-09 02:57:12,679 - INFO - Completed patrol_trial41_interval0_seed41311 (948/1050)
2025-07-09 02:57:47,085 - INFO - Completed patrol_trial37_interval10_seed37311 (949/1050)
2025-07-09 02:58:28,829 - INFO - Completed patrol_trial37_interval25_seed37311 (950/1050)
2025-07-09 02:58:28,830 - INFO - Progress: 950/1050 (90.5%), Rate: 0.02 tasks/sec, ETA: 1.3 hours
2025-07-09 03:00:27,316 - INFO - Completed patrol_trial43_interval0_seed43311 (951/1050)
2025-07-09 03:01:31,622 - INFO - Completed patrol_trial38_interval10_seed38311 (952/1050)
2025-07-09 03:02:27,321 - INFO - Completed patrol_trial36_interval50_seed36311 (953/1050)
2025-07-09 03:02:35,593 - INFO - Completed patrol_trial37_interval50_seed37311 (954/1050)
2025-07-09 03:03:25,305 - INFO - Completed patrol_trial2_intervalinf_seed2311 (955/1050)
2025-07-09 03:03:55,735 - INFO - Completed patrol_trial37_interval200_seed37311 (956/1050)
2025-07-09 03:04:21,417 - INFO - Completed patrol_trial38_intervalinf_seed38311 (957/1050)
2025-07-09 03:05:05,141 - INFO - Completed patrol_trial35_intervalinf_seed35311 (958/1050)
2025-07-09 03:05:35,289 - INFO - Completed patrol_trial38_interval50_seed38311 (959/1050)
2025-07-09 03:06:30,177 - INFO - Completed patrol_trial36_intervalinf_seed36311 (960/1050)
2025-07-09 03:09:35,399 - INFO - Completed patrol_trial44_interval0_seed44311 (961/1050)
2025-07-09 03:10:49,618 - INFO - Completed patrol_trial38_interval100_seed38311 (962/1050)
2025-07-09 03:13:41,466 - INFO - Completed patrol_trial37_interval100_seed37311 (963/1050)
2025-07-09 03:14:06,997 - INFO - Completed patrol_trial37_intervalinf_seed37311 (964/1050)
2025-07-09 03:15:03,831 - INFO - Completed patrol_trial45_interval0_seed45311 (965/1050)
2025-07-09 03:15:11,624 - INFO - Completed patrol_trial46_interval0_seed46311 (966/1050)
2025-07-09 03:17:43,966 - INFO - Completed patrol_trial39_interval10_seed39311 (967/1050)
2025-07-09 03:18:01,565 - INFO - Completed patrol_trial39_interval100_seed39311 (968/1050)
2025-07-09 03:18:17,017 - INFO - Completed patrol_trial41_intervalinf_seed41311 (969/1050)
2025-07-09 03:18:57,090 - INFO - Completed patrol_trial38_interval200_seed38311 (970/1050)
2025-07-09 03:19:14,466 - INFO - Completed patrol_trial41_interval50_seed41311 (971/1050)
2025-07-09 03:19:38,504 - INFO - Completed patrol_trial39_interval50_seed39311 (972/1050)
2025-07-09 03:23:11,254 - INFO - Completed patrol_trial40_interval10_seed40311 (973/1050)
2025-07-09 03:24:03,550 - INFO - Completed patrol_trial40_interval100_seed40311 (974/1050)
2025-07-09 03:24:07,429 - INFO - Completed patrol_trial40_interval25_seed40311 (975/1050)
2025-07-09 03:24:24,057 - INFO - Completed patrol_trial39_interval200_seed39311 (976/1050)
2025-07-09 03:24:47,086 - INFO - Completed patrol_trial40_interval200_seed40311 (977/1050)
2025-07-09 03:25:07,832 - INFO - Completed patrol_trial41_interval100_seed41311 (978/1050)
2025-07-09 03:25:37,677 - INFO - Completed patrol_trial28_interval25_seed28311 (979/1050)
2025-07-09 03:25:39,723 - INFO - Completed patrol_trial40_interval50_seed40311 (980/1050)
2025-07-09 03:25:58,954 - INFO - Completed patrol_trial17_interval10_seed17311 (981/1050)
2025-07-09 03:27:17,474 - INFO - Completed patrol_trial43_interval50_seed43311 (982/1050)
2025-07-09 03:28:03,674 - INFO - Completed patrol_trial43_interval25_seed43311 (983/1050)
2025-07-09 03:28:05,752 - INFO - Completed patrol_trial40_intervalinf_seed40311 (984/1050)
2025-07-09 03:28:37,181 - INFO - Completed patrol_trial43_interval10_seed43311 (985/1050)
2025-07-09 03:28:48,294 - INFO - Completed patrol_trial41_interval200_seed41311 (986/1050)
2025-07-09 03:29:30,834 - INFO - Completed patrol_trial39_interval25_seed39311 (987/1050)
2025-07-09 03:29:33,381 - INFO - Completed patrol_trial42_interval50_seed42311 (988/1050)
2025-07-09 03:30:02,443 - INFO - Completed patrol_trial47_interval0_seed47311 (989/1050)
2025-07-09 03:30:45,190 - INFO - Completed patrol_trial42_interval200_seed42311 (990/1050)
2025-07-09 03:30:48,670 - INFO - Completed patrol_trial42_interval25_seed42311 (991/1050)
2025-07-09 03:32:21,045 - INFO - Completed patrol_trial42_interval10_seed42311 (992/1050)
2025-07-09 03:33:29,347 - INFO - Completed patrol_trial48_interval0_seed48311 (993/1050)
2025-07-09 03:33:39,772 - INFO - Completed patrol_trial43_interval200_seed43311 (994/1050)
2025-07-09 03:34:23,050 - INFO - Completed patrol_trial44_interval200_seed44311 (995/1050)
2025-07-09 03:34:46,517 - INFO - Completed patrol_trial43_interval100_seed43311 (996/1050)
2025-07-09 03:35:01,302 - INFO - Completed patrol_trial42_intervalinf_seed42311 (997/1050)
2025-07-09 03:35:29,200 - INFO - Completed patrol_trial41_interval10_seed41311 (998/1050)
2025-07-09 03:36:47,245 - INFO - Completed patrol_trial43_intervalinf_seed43311 (999/1050)
2025-07-09 03:37:08,520 - INFO - Completed patrol_trial44_interval10_seed44311 (1000/1050)
2025-07-09 03:37:08,521 - INFO - Progress: 1000/1050 (95.2%), Rate: 0.02 tasks/sec, ETA: 0.7 hours
2025-07-09 03:37:29,601 - INFO - Completed patrol_trial49_interval0_seed49311 (1001/1050)
2025-07-09 03:40:09,714 - INFO - Completed patrol_trial46_interval10_seed46311 (1002/1050)
2025-07-09 03:40:18,065 - INFO - Completed patrol_trial45_interval200_seed45311 (1003/1050)
2025-07-09 03:40:35,289 - INFO - Completed patrol_trial44_interval100_seed44311 (1004/1050)
2025-07-09 03:40:41,942 - INFO - Completed patrol_trial45_interval25_seed45311 (1005/1050)
2025-07-09 03:41:26,559 - INFO - Completed patrol_trial44_intervalinf_seed44311 (1006/1050)
2025-07-09 03:41:29,158 - INFO - Completed evasive_trial27_interval50_seed27582 (1007/1050)
2025-07-09 03:42:02,384 - INFO - Completed patrol_trial45_interval100_seed45311 (1008/1050)
2025-07-09 03:42:34,769 - INFO - Completed patrol_trial46_interval50_seed46311 (1009/1050)
2025-07-09 03:43:13,221 - INFO - Completed patrol_trial42_interval100_seed42311 (1010/1050)
2025-07-09 03:43:58,879 - INFO - Completed patrol_trial45_interval50_seed45311 (1011/1050)
2025-07-09 03:44:22,346 - INFO - Completed patrol_trial45_intervalinf_seed45311 (1012/1050)
2025-07-09 03:44:31,453 - INFO - Completed patrol_trial44_interval50_seed44311 (1013/1050)
2025-07-09 03:44:40,784 - INFO - Completed patrol_trial41_interval25_seed41311 (1014/1050)
2025-07-09 03:44:50,030 - INFO - Completed patrol_trial45_interval10_seed45311 (1015/1050)
2025-07-09 03:44:57,769 - INFO - Completed patrol_trial46_interval200_seed46311 (1016/1050)
2025-07-09 03:46:00,922 - INFO - Completed patrol_trial46_interval25_seed46311 (1017/1050)
2025-07-09 03:46:27,378 - INFO - Completed evasive_trial29_interval10_seed29582 (1018/1050)
2025-07-09 03:46:59,571 - INFO - Completed patrol_trial13_intervalinf_seed13311 (1019/1050)
2025-07-09 03:47:11,601 - INFO - Completed patrol_trial46_intervalinf_seed46311 (1020/1050)
2025-07-09 03:47:42,099 - INFO - Completed patrol_trial17_interval25_seed17311 (1021/1050)
2025-07-09 03:48:00,939 - INFO - Completed patrol_trial47_interval10_seed47311 (1022/1050)
2025-07-09 03:48:55,052 - INFO - Completed patrol_trial47_interval25_seed47311 (1023/1050)
2025-07-09 03:51:05,027 - INFO - Completed patrol_trial47_interval50_seed47311 (1024/1050)
2025-07-09 03:51:23,063 - INFO - Completed patrol_trial34_interval25_seed34311 (1025/1050)
2025-07-09 03:51:28,990 - INFO - Completed patrol_trial46_interval100_seed46311 (1026/1050)
2025-07-09 03:51:46,311 - INFO - Completed patrol_trial39_intervalinf_seed39311 (1027/1050)
2025-07-09 03:52:15,586 - INFO - Completed patrol_trial36_interval200_seed36311 (1028/1050)
2025-07-09 03:53:16,902 - INFO - Completed patrol_trial15_interval10_seed15311 (1029/1050)
2025-07-09 03:53:26,947 - INFO - Completed patrol_trial48_interval100_seed48311 (1030/1050)
2025-07-09 03:53:59,539 - INFO - Completed patrol_trial47_interval200_seed47311 (1031/1050)
2025-07-09 03:54:15,590 - INFO - Completed patrol_trial47_interval100_seed47311 (1032/1050)
2025-07-09 03:54:26,641 - INFO - Completed patrol_trial23_interval10_seed23311 (1033/1050)
2025-07-09 03:54:59,213 - INFO - Completed patrol_trial49_interval200_seed49311 (1034/1050)
2025-07-09 03:55:01,750 - INFO - Completed patrol_trial48_interval200_seed48311 (1035/1050)
2025-07-09 03:55:51,942 - INFO - Completed patrol_trial47_intervalinf_seed47311 (1036/1050)
2025-07-09 03:56:01,347 - INFO - Completed patrol_trial22_interval50_seed22311 (1037/1050)
2025-07-09 03:56:21,704 - INFO - Completed patrol_trial48_interval25_seed48311 (1038/1050)
2025-07-09 03:57:10,010 - INFO - Completed patrol_trial49_intervalinf_seed49311 (1039/1050)
2025-07-09 03:57:13,778 - INFO - Completed patrol_trial49_interval50_seed49311 (1040/1050)
2025-07-09 03:57:20,966 - INFO - Completed patrol_trial49_interval100_seed49311 (1041/1050)
2025-07-09 03:58:30,540 - INFO - Completed patrol_trial48_intervalinf_seed48311 (1042/1050)
2025-07-09 03:58:35,741 - INFO - Completed patrol_trial48_interval10_seed48311 (1043/1050)
2025-07-09 03:59:23,734 - INFO - Completed patrol_trial48_interval50_seed48311 (1044/1050)
2025-07-09 03:59:48,687 - INFO - Completed patrol_trial21_interval50_seed21311 (1045/1050)
2025-07-09 04:00:15,463 - INFO - Completed patrol_trial49_interval25_seed49311 (1046/1050)
2025-07-09 04:02:04,223 - INFO - Completed patrol_trial14_interval25_seed14311 (1047/1050)
2025-07-09 04:04:13,130 - INFO - Completed patrol_trial44_interval25_seed44311 (1048/1050)
2025-07-09 04:04:59,465 - INFO - Completed patrol_trial19_interval10_seed19311 (1049/1050)
2025-07-09 04:10:36,284 - INFO - Completed patrol_trial49_interval10_seed49311 (1050/1050)
2025-07-09 04:10:36,288 - INFO - Progress: 1050/1050 (100.0%), Rate: 0.02 tasks/sec, ETA: 0.0 hours
2025-07-09 04:10:36,357 - INFO - Experiment completed in 13.82 hours. Completed: 1050, Failed: 0
2025-07-09 04:10:36,358 - INFO - Collecting results from checkpoints...
2025-07-09 04:10:56,321 - INFO - Consolidated results saved to results/consolidated_results_20250709_041040.pkl
